#
# A fatal error has been detected by the Java Runtime Environment:
#
#  SIGSEGV (0xb) at pc=0x000000010e0351f1, pid=17342, tid=9731
#
# JRE version: Java(TM) SE Runtime Environment (7.0_55-b13) (build 1.7.0_55-b13)
# Java VM: Java HotSpot(TM) 64-Bit Server VM (24.55-b03 mixed mode bsd-amd64 compressed oops)
# Problematic frame:
# V  [libjvm.dylib+0x2351f1]
#
# Failed to write core dump. Core dumps have been disabled. To enable core dumping, try "ulimit -c unlimited" before starting Java again
#
# If you would like to submit a bug report, please visit:
#   http://bugreport.sun.com/bugreport/crash.jsp
#

---------------  T H R E A D  ---------------

Current thread (0x00007fe572001800):  GCTaskThread [stack: 0x0000700000320000,0x0000700000420000] [id=9731]

siginfo:si_signo=SIGSEGV: si_errno=0, si_code=1 (SEGV_MAPERR), si_addr=0x00000003da159098

Registers:
RAX=0x000000010e5705c0, RBX=0x00007fe570c17ff0, RCX=0x0000000000018b03, RDX=0x00000000000c5c01
RSP=0x000070000041fc50, RBP=0x000070000041fc50, RSI=0x000000077b42e148, RDI=0x00000003da159080
R8 =0x00000000000005f7, R9 =0x000000000000cab7, R10=0x1280012922428000, R11=0x0000000000000004
R12=0x00000007aa9fc144, R13=0x00000007aa9fc148, R14=0x000000077b42e148, R15=0x000000077b434298
RIP=0x000000010e0351f1, EFLAGS=0x0000000000010202, ERR=0x0000000000000004
  TRAPNO=0x000000000000000e

Top of Stack: (sp=0x000070000041fc50)
0x000070000041fc50:   000070000041fc80 000000010dfc4efa
0x000070000041fc60:   000070000041fcd0 00007fe570c17ff0
0x000070000041fc70:   000000077b434298 000000077b434298
0x000070000041fc80:   000070000041fcd0 000000010e0a0275
0x000070000041fc90:   00007fe570c17ff0 00000007aa9fc138
0x000070000041fca0:   000000077b4342a0 00007fe570c17ff0
0x000070000041fcb0:   00000007aa9fc138 00000000000e7400
0x000070000041fcc0:   00007fe570c17ff8 000000010e5705c0
0x000070000041fcd0:   000070000041fd50 000000010e24a4ce
0x000070000041fce0:   00007fe570c18030 00007fe570c18078
0x000070000041fcf0:   00007fe570c180b0 00000007936ef300
0x000070000041fd00:   00007000000e7400 001005b000001714
0x000070000041fd10:   000070000041fd50 0000000783427718
0x000070000041fd20:   03f6b821000093e3 0000000000000001
0x000070000041fd30:   000070000041fd80 000000010e5705c0
0x000070000041fd40:   00007fe570c17ff0 000070000041fd6c
0x000070000041fd50:   000070000041fdb0 000000010e23e241
0x000070000041fd60:   00007fe570e09c70 6bb3e4a00e0695ab
0x000070000041fd70:   0000000000000000 00007fe500000000
0x000070000041fd80:   0000000783427718 00007fe572001800
0x000070000041fd90:   0000000000000000 000000010e3730f2
0x000070000041fda0:   00007fe570e09c70 0000000000000001
0x000070000041fdb0:   000070000041fe90 000000010e069aa7
0x000070000041fdc0:   000070000041fdf0 00007fe570e00fd0
0x000070000041fdd0:   00007fe570e011b0 00007fe570e011c0
0x000070000041fde0:   00007fe570e01598 00000000000003d8
0x000070000041fdf0:   00007fe572001800 00007fe570e01000
0x000070000041fe00:   00007fe570e015a0 00007fe570e015b0
0x000070000041fe10:   00007fe570e01988 00000000000003d8
0x000070000041fe20:   000070000041fe30 0000000000000000
0x000070000041fe30:   00007fe572001800 00007fe570e01000
0x000070000041fe40:   00007fe570e015a0 00007fe570e015b0 

Instructions: (pc=0x000000010e0351f1)
0x000000010e0351d1:   84 d2 48 89 fe 74 15 48 8d 05 e1 b3 53 00 8a 48
0x000000010e0351e1:   08 8b 7e 08 48 d3 e7 48 03 38 eb 04 48 8b 7e 08
0x000000010e0351f1:   8b 47 18 48 83 c7 10 85 c0 7e 09 a8 01 75 4e c1
0x000000010e035201:   f8 03 eb 47 85 c0 7f 43 85 c0 79 41 84 d2 0f 94 

Register to memory mapping:

RAX=0x000000010e5705c0: _ZN8Universe11_narrow_oopE+0 in /Library/Java/JavaVirtualMachines/jdk1.7.0_55.jdk/Contents/Home/jre/lib/server/libjvm.dylib at 0x000000010de00000
RBX=0x00007fe570c17ff0 is an unknown value
RCX=0x0000000000018b03 is an unknown value
RDX=0x00000000000c5c01 is an unknown value
RSP=0x000070000041fc50 is an unknown value
RBP=0x000070000041fc50 is an unknown value
RSI=0x000000077b42e148 is pointing into object: 0x000000077b42deb8
{instance class} 
 - klass: {other class}
RDI=0x00000003da159080 is an unknown value
R8 =0x00000000000005f7 is an unknown value
R9 =0x000000000000cab7 is an unknown value
R10=0x1280012922428000 is an unknown value
R11=0x0000000000000004 is an unknown value
R12=0x00000007aa9fc144 is pointing into object: 0x00000007aa9fc138
com.hp.hpl.jena.graph.Node_URI 
 - klass: 'com/hp/hpl/jena/graph/Node_URI'
R13=0x00000007aa9fc148 is an oop
java.lang.String 
 - klass: 'java/lang/String'
R14=0x000000077b42e148 is pointing into object: 0x000000077b42deb8
{instance class} 
 - klass: {other class}
R15=0x000000077b434298 is pointing into object: 0x000000077b433fa0
{instance class} 
 - klass: {other class}


Stack: [0x0000700000320000,0x0000700000420000],  sp=0x000070000041fc50,  free space=1023k
Native frames: (J=compiled Java code, j=interpreted, Vv=VM code, C=native code)
V  [libjvm.dylib+0x2351f1]
V  [libjvm.dylib+0x1c4efa]
V  [libjvm.dylib+0x2a0275]
V  [libjvm.dylib+0x44a4ce]
V  [libjvm.dylib+0x43e241]
V  [libjvm.dylib+0x269aa7]
V  [libjvm.dylib+0x41b14e]
C  [libsystem_pthread.dylib+0x39b1]  _pthread_body+0x83
C  [libsystem_pthread.dylib+0x392e]  _pthread_body+0x0
C  [libsystem_pthread.dylib+0x1385]  thread_start+0xd


---------------  P R O C E S S  ---------------

Java Threads: ( => current thread )
  0x00007fe5718c7800 JavaThread "Monitor Ctrl-Break" daemon [_thread_in_native, id=20995, stack(0x00007000012d0000,0x00007000013d0000)]
  0x00007fe573817800 JavaThread "Service Thread" daemon [_thread_blocked, id=19971, stack(0x00007000010ca000,0x00007000011ca000)]
  0x00007fe57402e000 JavaThread "C2 CompilerThread1" daemon [_thread_blocked, id=19459, stack(0x0000700000fc7000,0x00007000010c7000)]
  0x00007fe57181c800 JavaThread "C2 CompilerThread0" daemon [_thread_blocked, id=18947, stack(0x0000700000ec4000,0x0000700000fc4000)]
  0x00007fe57181b800 JavaThread "Signal Dispatcher" daemon [_thread_blocked, id=15887, stack(0x0000700000dc1000,0x0000700000ec1000)]
  0x00007fe57181b000 JavaThread "Finalizer" daemon [_thread_blocked, id=14339, stack(0x0000700000c3b000,0x0000700000d3b000)]
  0x00007fe573800000 JavaThread "Reference Handler" daemon [_thread_blocked, id=13827, stack(0x0000700000b38000,0x0000700000c38000)]
  0x00007fe574000000 JavaThread "main" [_thread_blocked, id=5891, stack(0x000070000011a000,0x000070000021a000)]

Other Threads:
  0x00007fe571011800 VMThread [stack: 0x0000700000a35000,0x0000700000b35000] [id=13315]
  0x00007fe573818800 WatcherThread [stack: 0x00007000011cd000,0x00007000012cd000] [id=20483]

=>0x00007fe572001800 (exited) GCTaskThread [stack: 0x0000700000320000,0x0000700000420000] [id=9731]

VM state:at safepoint (normal execution)

VM Mutex/Monitor currently owned by a thread:  ([mutex/lock_event])
[0x00007fe570d03190] Threads_lock - owner thread: 0x00007fe571011800
[0x00007fe570d03690] Heap_lock - owner thread: 0x00007fe574000000

Heap
 PSYoungGen      total 429056K, used 198412K [0x00000007d5500000, 0x00000007ff400000, 0x0000000800000000)
  eden space 196096K, 99% used [0x00000007d5500000,0x00000007e147fff8,0x00000007e1480000)
  from space 232960K, 0% used [0x00000007e1480000,0x00000007e16c32f8,0x00000007ef800000)
  to   space 232960K, 0% used [0x00000007f1080000,0x00000007f1080000,0x00000007ff400000)
 ParOldGen       total 1397760K, used 1397628K [0x0000000780000000, 0x00000007d5500000, 0x00000007d5500000)
  object space 1397760K, 99% used [0x0000000780000000,0x00000007d54df160,0x00000007d5500000)
 PSPermGen       total 21504K, used 9349K [0x000000077ae00000, 0x000000077c300000, 0x0000000780000000)
  object space 21504K, 43% used [0x000000077ae00000,0x000000077b721660,0x000000077c300000)

Card table byte_map: [0x0000000111853000,0x0000000111c7d000] byte_map_base: 0x000000010dc7c000

Polling page: 0x000000010cd1b000

Code Cache  [0x000000010e853000, 0x000000010eac3000, 0x0000000111853000)
 total_blobs=562 nmethods=319 adapters=197 free_code_cache=48093Kb largest_free_block=49216448

Compilation events (10 events):
Event: 26.609 Thread 0x00007fe57181c800 nmethod 315 0x000000010e957e50 code [0x000000010e957f80, 0x000000010e957fd8]
Event: 26.610 Thread 0x00007fe57181c800  316             org.apache.xerces.impl.dv.xs.TypeValidator::checkExtraRules (1 bytes)
Event: 26.610 Thread 0x00007fe57181c800 nmethod 316 0x000000010e957c50 code [0x000000010e957d80, 0x000000010e957dd8]
Event: 26.610 Thread 0x00007fe57181c800  317             org.apache.xerces.impl.dv.xs.XSSimpleTypeDecl::normalize (244 bytes)
Event: 26.614 Thread 0x00007fe57181c800 nmethod 317 0x000000010e9597d0 code [0x000000010e959980, 0x000000010e959d60]
Event: 26.614 Thread 0x00007fe57181c800  318             org.apache.xerces.impl.dv.xs.StringDV::getActualValue (2 bytes)
Event: 26.614 Thread 0x00007fe57181c800 nmethod 318 0x000000010e957a50 code [0x000000010e957b80, 0x000000010e957bd8]
Event: 26.614 Thread 0x00007fe57181c800  319             com.hp.hpl.jena.datatypes.xsd.XSDDatatype::parseValidated (2 bytes)
Event: 26.614 Thread 0x00007fe57181c800 nmethod 319 0x000000010e957850 code [0x000000010e957980, 0x000000010e9579d8]
Event: 26.617 Thread 0x00007fe57402e000 nmethod 307 0x000000010e960690 code [0x000000010e9609e0, 0x000000010e961c30]

GC Heap History (10 events):
Event: 300.197 GC heap after
Heap after GC invocations=215 (full 190):
 PSYoungGen      total 429056K, used 198412K [0x00000007d5500000, 0x00000007ff400000, 0x0000000800000000)
  eden space 196096K, 99% used [0x00000007d5500000,0x00000007e147fff8,0x00000007e1480000)
  from space 232960K, 0% used [0x00000007e1480000,0x00000007e16c32f8,0x00000007ef800000)
  to   space 232960K, 0% used [0x00000007f1080000,0x00000007f1080000,0x00000007ff400000)
 ParOldGen       total 1397760K, used 1397620K [0x0000000780000000, 0x00000007d5500000, 0x00000007d5500000)
  object space 1397760K, 99% used [0x0000000780000000,0x00000007d54dd2b0,0x00000007d5500000)
 PSPermGen       total 21504K, used 9349K [0x000000077ae00000, 0x000000077c300000, 0x0000000780000000)
  object space 21504K, 43% used [0x000000077ae00000,0x000000077b721660,0x000000077c300000)
}
Event: 300.197 GC heap before
{Heap before GC invocations=216 (full 191):
 PSYoungGen      total 429056K, used 198412K [0x00000007d5500000, 0x00000007ff400000, 0x0000000800000000)
  eden space 196096K, 99% used [0x00000007d5500000,0x00000007e147fff8,0x00000007e1480000)
  from space 232960K, 0% used [0x00000007e1480000,0x00000007e16c32f8,0x00000007ef800000)
  to   space 232960K, 0% used [0x00000007f1080000,0x00000007f1080000,0x00000007ff400000)
 ParOldGen       total 1397760K, used 1397623K [0x0000000780000000, 0x00000007d5500000, 0x00000007d5500000)
  object space 1397760K, 99% used [0x0000000780000000,0x00000007d54dde60,0x00000007d5500000)
 PSPermGen       total 21504K, used 9349K [0x000000077ae00000, 0x000000077c300000, 0x0000000780000000)
  object space 21504K, 43% used [0x000000077ae00000,0x000000077b721660,0x000000077c300000)
Event: 302.705 GC heap after
Heap after GC invocations=216 (full 191):
 PSYoungGen      total 429056K, used 198412K [0x00000007d5500000, 0x00000007ff400000, 0x0000000800000000)
  eden space 196096K, 99% used [0x00000007d5500000,0x00000007e147fff8,0x00000007e1480000)
  from space 232960K, 0% used [0x00000007e1480000,0x00000007e16c32f8,0x00000007ef800000)
  to   space 232960K, 0% used [0x00000007f1080000,0x00000007f1080000,0x00000007ff400000)
 ParOldGen       total 1397760K, used 1397621K [0x0000000780000000, 0x00000007d5500000, 0x00000007d5500000)
  object space 1397760K, 99% used [0x0000000780000000,0x00000007d54dd6c8,0x00000007d5500000)
 PSPermGen       total 21504K, used 9349K [0x000000077ae00000, 0x000000077c300000, 0x0000000780000000)
  object space 21504K, 43% used [0x000000077ae00000,0x000000077b721660,0x000000077c300000)
}
Event: 302.705 GC heap before
{Heap before GC invocations=217 (full 192):
 PSYoungGen      total 429056K, used 198412K [0x00000007d5500000, 0x00000007ff400000, 0x0000000800000000)
  eden space 196096K, 99% used [0x00000007d5500000,0x00000007e147fff8,0x00000007e1480000)
  from space 232960K, 0% used [0x00000007e1480000,0x00000007e16c32f8,0x00000007ef800000)
  to   space 232960K, 0% used [0x00000007f1080000,0x00000007f1080000,0x00000007ff400000)
 ParOldGen       total 1397760K, used 1397624K [0x0000000780000000, 0x00000007d5500000, 0x00000007d5500000)
  object space 1397760K, 99% used [0x0000000780000000,0x00000007d54de2e0,0x00000007d5500000)
 PSPermGen       total 21504K, used 9349K [0x000000077ae00000, 0x000000077c300000, 0x0000000780000000)
  object space 21504K, 43% used [0x000000077ae00000,0x000000077b721660,0x000000077c300000)
Event: 304.612 GC heap after
Heap after GC invocations=217 (full 192):
 PSYoungGen      total 429056K, used 198412K [0x00000007d5500000, 0x00000007ff400000, 0x0000000800000000)
  eden space 196096K, 99% used [0x00000007d5500000,0x00000007e147fff8,0x00000007e1480000)
  from space 232960K, 0% used [0x00000007e1480000,0x00000007e16c32f8,0x00000007ef800000)
  to   space 232960K, 0% used [0x00000007f1080000,0x00000007f1080000,0x00000007ff400000)
 ParOldGen       total 1397760K, used 1397623K [0x0000000780000000, 0x00000007d5500000, 0x00000007d5500000)
  object space 1397760K, 99% used [0x0000000780000000,0x00000007d54ddd70,0x00000007d5500000)
 PSPermGen       total 21504K, used 9349K [0x000000077ae00000, 0x000000077c300000, 0x0000000780000000)
  object space 21504K, 43% used [0x000000077ae00000,0x000000077b721660,0x000000077c300000)
}
Event: 304.612 GC heap before
{Heap before GC invocations=218 (full 193):
 PSYoungGen      total 429056K, used 198412K [0x00000007d5500000, 0x00000007ff400000, 0x0000000800000000)
  eden space 196096K, 99% used [0x00000007d5500000,0x00000007e147fff8,0x00000007e1480000)
  from space 232960K, 0% used [0x00000007e1480000,0x00000007e16c32f8,0x00000007ef800000)
  to   space 232960K, 0% used [0x00000007f1080000,0x00000007f1080000,0x00000007ff400000)
 ParOldGen       total 1397760K, used 1397626K [0x0000000780000000, 0x00000007d5500000, 0x00000007d5500000)
  object space 1397760K, 99% used [0x0000000780000000,0x00000007d54de8a8,0x00000007d5500000)
 PSPermGen       total 21504K, used 9349K [0x000000077ae00000, 0x000000077c300000, 0x0000000780000000)
  object space 21504K, 43% used [0x000000077ae00000,0x000000077b721660,0x000000077c300000)
Event: 307.619 GC heap after
Heap after GC invocations=218 (full 193):
 PSYoungGen      total 429056K, used 198412K [0x00000007d5500000, 0x00000007ff400000, 0x0000000800000000)
  eden space 196096K, 99% used [0x00000007d5500000,0x00000007e147fff8,0x00000007e1480000)
  from space 232960K, 0% used [0x00000007e1480000,0x00000007e16c32f8,0x00000007ef800000)
  to   space 232960K, 0% used [0x00000007f1080000,0x00000007f1080000,0x00000007ff400000)
 ParOldGen       total 1397760K, used 1397624K [0x0000000780000000, 0x00000007d5500000, 0x00000007d5500000)
  object space 1397760K, 99% used [0x0000000780000000,0x00000007d54de130,0x00000007d5500000)
 PSPermGen       total 21504K, used 9349K [0x000000077ae00000, 0x000000077c300000, 0x0000000780000000)
  object space 21504K, 43% used [0x000000077ae00000,0x000000077b721660,0x000000077c300000)
}
Event: 307.619 GC heap before
{Heap before GC invocations=219 (full 194):
 PSYoungGen      total 429056K, used 198412K [0x00000007d5500000, 0x00000007ff400000, 0x0000000800000000)
  eden space 196096K, 99% used [0x00000007d5500000,0x00000007e147fff8,0x00000007e1480000)
  from space 232960K, 0% used [0x00000007e1480000,0x00000007e16c32f8,0x00000007ef800000)
  to   space 232960K, 0% used [0x00000007f1080000,0x00000007f1080000,0x00000007ff400000)
 ParOldGen       total 1397760K, used 1397627K [0x0000000780000000, 0x00000007d5500000, 0x00000007d5500000)
  object space 1397760K, 99% used [0x0000000780000000,0x00000007d54dece0,0x00000007d5500000)
 PSPermGen       total 21504K, used 9349K [0x000000077ae00000, 0x000000077c300000, 0x0000000780000000)
  object space 21504K, 43% used [0x000000077ae00000,0x000000077b721660,0x000000077c300000)
Event: 312.243 GC heap after
Heap after GC invocations=219 (full 194):
 PSYoungGen      total 429056K, used 198412K [0x00000007d5500000, 0x00000007ff400000, 0x0000000800000000)
  eden space 196096K, 99% used [0x00000007d5500000,0x00000007e147fff8,0x00000007e1480000)
  from space 232960K, 0% used [0x00000007e1480000,0x00000007e16c32f8,0x00000007ef800000)
  to   space 232960K, 0% used [0x00000007f1080000,0x00000007f1080000,0x00000007ff400000)
 ParOldGen       total 1397760K, used 1397625K [0x0000000780000000, 0x00000007d5500000, 0x00000007d5500000)
  object space 1397760K, 99% used [0x0000000780000000,0x00000007d54de548,0x00000007d5500000)
 PSPermGen       total 21504K, used 9349K [0x000000077ae00000, 0x000000077c300000, 0x0000000780000000)
  object space 21504K, 43% used [0x000000077ae00000,0x000000077b721660,0x000000077c300000)
}
Event: 312.255 GC heap before
{Heap before GC invocations=220 (full 195):
 PSYoungGen      total 429056K, used 198412K [0x00000007d5500000, 0x00000007ff400000, 0x0000000800000000)
  eden space 196096K, 99% used [0x00000007d5500000,0x00000007e147fff8,0x00000007e1480000)
  from space 232960K, 0% used [0x00000007e1480000,0x00000007e16c32f8,0x00000007ef800000)
  to   space 232960K, 0% used [0x00000007f1080000,0x00000007f1080000,0x00000007ff400000)
 ParOldGen       total 1397760K, used 1397628K [0x0000000780000000, 0x00000007d5500000, 0x00000007d5500000)
  object space 1397760K, 99% used [0x0000000780000000,0x00000007d54df160,0x00000007d5500000)
 PSPermGen       total 21504K, used 9349K [0x000000077ae00000, 0x000000077c300000, 0x0000000780000000)
  object space 21504K, 43% used [0x000000077ae00000,0x000000077b721660,0x000000077c300000)

Deoptimization events (10 events):
Event: 26.526 Thread 0x00007fe574000000 Uncommon trap: reason=class_check action=maybe_recompile pc=0x000000010e94fdd4 method=com.hp.hpl.jena.datatypes.TypeMapper.getSafeTypeByName(Ljava/lang/String;)Lcom/hp/hpl/jena/datatypes/RDFDatatype; @ 8
Event: 26.526 Thread 0x00007fe574000000 Uncommon trap: reason=class_check action=maybe_recompile pc=0x000000010e9516b8 method=com.hp.hpl.jena.graph.impl.LiteralLabelImpl.setValue(Ljava/lang/String;)V @ 6
Event: 26.526 Thread 0x00007fe574000000 Uncommon trap: reason=class_check action=maybe_recompile pc=0x000000010e94f270 method=com.hp.hpl.jena.graph.impl.LiteralLabelImpl.normalize()V @ 27
Event: 26.526 Thread 0x00007fe574000000 Uncommon trap: reason=class_check action=maybe_recompile pc=0x000000010e94d034 method=com.hp.hpl.jena.graph.impl.LiteralLabelImpl.hashCode()I @ 27
Event: 26.526 Thread 0x00007fe574000000 Uncommon trap: reason=class_check action=maybe_recompile pc=0x000000010e950870 method=com.hp.hpl.jena.datatypes.TypeMapper.getSafeTypeByName(Ljava/lang/String;)Lcom/hp/hpl/jena/datatypes/RDFDatatype; @ 8
Event: 26.526 Thread 0x00007fe574000000 Uncommon trap: reason=class_check action=maybe_recompile pc=0x000000010e949e18 method=com.hp.hpl.jena.graph.impl.LiteralLabelImpl.setValue(Ljava/lang/String;)V @ 6
Event: 26.526 Thread 0x00007fe574000000 Uncommon trap: reason=class_check action=maybe_recompile pc=0x000000010e953b44 method=com.hp.hpl.jena.graph.impl.LiteralLabelImpl.setValue(Ljava/lang/String;)V @ 6
Event: 26.526 Thread 0x00007fe574000000 Uncommon trap: reason=class_check action=maybe_recompile pc=0x000000010e943520 method=com.hp.hpl.jena.graph.impl.LiteralLabelImpl.setValue(Ljava/lang/String;)V @ 6
Event: 26.526 Thread 0x00007fe574000000 Uncommon trap: reason=class_check action=maybe_recompile pc=0x000000010e949414 method=com.hp.hpl.jena.graph.impl.LiteralLabelImpl.setValue(Ljava/lang/String;)V @ 6
Event: 26.526 Thread 0x00007fe574000000 Uncommon trap: reason=class_check action=maybe_recompile pc=0x000000010e947fd8 method=com.hp.hpl.jena.graph.impl.LiteralLabelImpl.setValue(Ljava/lang/String;)V @ 6

Internal exceptions (10 events):
Event: 1.137 Thread 0x00007fe574000000 Threw 0x00000007d60cd260 at /HUDSON/workspace/7u-2-build-macosx-x86_64/jdk7u55/869/hotspot/src/share/vm/prims/jvm.cpp:1244
Event: 1.146 Thread 0x00007fe574000000 Threw 0x00000007d60e35d0 at /HUDSON/workspace/7u-2-build-macosx-x86_64/jdk7u55/869/hotspot/src/share/vm/prims/jvm.cpp:1244
Event: 1.146 Thread 0x00007fe574000000 Threw 0x00000007d60ee820 at /HUDSON/workspace/7u-2-build-macosx-x86_64/jdk7u55/869/hotspot/src/share/vm/prims/jvm.cpp:1244
Event: 1.146 Thread 0x00007fe574000000 Threw 0x00000007d60f5d40 at /HUDSON/workspace/7u-2-build-macosx-x86_64/jdk7u55/869/hotspot/src/share/vm/prims/jvm.cpp:1244
Event: 1.147 Thread 0x00007fe574000000 Threw 0x00000007d60fd220 at /HUDSON/workspace/7u-2-build-macosx-x86_64/jdk7u55/869/hotspot/src/share/vm/prims/jvm.cpp:1244
Event: 1.147 Thread 0x00007fe574000000 Threw 0x00000007d6104258 at /HUDSON/workspace/7u-2-build-macosx-x86_64/jdk7u55/869/hotspot/src/share/vm/prims/jvm.cpp:1244
Event: 1.148 Thread 0x00007fe574000000 Threw 0x00000007d610cfe8 at /HUDSON/workspace/7u-2-build-macosx-x86_64/jdk7u55/869/hotspot/src/share/vm/prims/jvm.cpp:1244
Event: 1.149 Thread 0x00007fe574000000 Threw 0x00000007d6115358 at /HUDSON/workspace/7u-2-build-macosx-x86_64/jdk7u55/869/hotspot/src/share/vm/prims/jvm.cpp:1244
Event: 6.577 Thread 0x00007fe574000000 Threw 0x00000007da4874b8 at /HUDSON/workspace/7u-2-build-macosx-x86_64/jdk7u55/869/hotspot/src/share/vm/prims/jvm.cpp:1244
Event: 6.578 Thread 0x00007fe574000000 Threw 0x00000007da492ad0 at /HUDSON/workspace/7u-2-build-macosx-x86_64/jdk7u55/869/hotspot/src/share/vm/prims/jvm.cpp:1244

Events (10 events):
Event: 300.197 Executing VM operation: ParallelGCFailedAllocation done
Event: 300.197 Executing VM operation: ParallelGCFailedAllocation
Event: 302.705 Executing VM operation: ParallelGCFailedAllocation done
Event: 302.705 Executing VM operation: ParallelGCFailedAllocation
Event: 304.612 Executing VM operation: ParallelGCFailedAllocation done
Event: 304.612 Executing VM operation: ParallelGCFailedAllocation
Event: 307.619 Executing VM operation: ParallelGCFailedAllocation done
Event: 307.619 Executing VM operation: ParallelGCFailedAllocation
Event: 312.243 Executing VM operation: ParallelGCFailedAllocation done
Event: 312.255 Executing VM operation: ParallelGCFailedAllocation


Dynamic libraries:
0x000000000213f000 	/System/Library/Frameworks/Cocoa.framework/Versions/A/Cocoa
0x000000000213f000 	/System/Library/Frameworks/Security.framework/Versions/A/Security
0x000000000213f000 	/System/Library/Frameworks/ApplicationServices.framework/Versions/A/ApplicationServices
0x000000000213f000 	/usr/lib/libz.1.dylib
0x000000000213f000 	/usr/lib/libSystem.B.dylib
0x000000000213f000 	/usr/lib/libobjc.A.dylib
0x000000000213f000 	/System/Library/Frameworks/CoreFoundation.framework/Versions/A/CoreFoundation
0x000000000213f000 	/System/Library/Frameworks/Foundation.framework/Versions/C/Foundation
0x000000000213f000 	/System/Library/Frameworks/AppKit.framework/Versions/C/AppKit
0x000000000213f000 	/System/Library/Frameworks/CoreData.framework/Versions/A/CoreData
0x000000000213f000 	/System/Library/PrivateFrameworks/RemoteViewServices.framework/Versions/A/RemoteViewServices
0x000000000213f000 	/System/Library/PrivateFrameworks/UIFoundation.framework/Versions/A/UIFoundation
0x000000000213f000 	/usr/lib/libScreenReader.dylib
0x000000000213f000 	/System/Library/Frameworks/Accelerate.framework/Versions/A/Accelerate
0x000000000213f000 	/System/Library/Frameworks/IOSurface.framework/Versions/A/IOSurface
0x000000000213f000 	/System/Library/Frameworks/AudioToolbox.framework/Versions/A/AudioToolbox
0x000000000213f000 	/System/Library/Frameworks/AudioUnit.framework/Versions/A/AudioUnit
0x000000000213f000 	/System/Library/PrivateFrameworks/DataDetectorsCore.framework/Versions/A/DataDetectorsCore
0x000000000213f000 	/System/Library/PrivateFrameworks/DesktopServicesPriv.framework/Versions/A/DesktopServicesPriv
0x000000000213f000 	/System/Library/Frameworks/Carbon.framework/Versions/A/Frameworks/HIToolbox.framework/Versions/A/HIToolbox
0x000000000213f000 	/System/Library/Frameworks/QuartzCore.framework/Versions/A/QuartzCore
0x000000000213f000 	/System/Library/Frameworks/Carbon.framework/Versions/A/Frameworks/SpeechRecognition.framework/Versions/A/SpeechRecognition
0x000000000213f000 	/usr/lib/libauto.dylib
0x000000000213f000 	/usr/lib/libicucore.A.dylib
0x000000000213f000 	/usr/lib/libxml2.2.dylib
0x000000000213f000 	/System/Library/PrivateFrameworks/CoreUI.framework/Versions/A/CoreUI
0x000000000213f000 	/System/Library/Frameworks/CoreAudio.framework/Versions/A/CoreAudio
0x000000000213f000 	/System/Library/Frameworks/DiskArbitration.framework/Versions/A/DiskArbitration
0x000000000213f000 	/usr/lib/liblangid.dylib
0x000000000213f000 	/System/Library/PrivateFrameworks/MultitouchSupport.framework/Versions/A/MultitouchSupport
0x000000000213f000 	/System/Library/Frameworks/IOKit.framework/Versions/A/IOKit
0x000000000213f000 	/usr/lib/libDiagnosticMessagesClient.dylib
0x000000000213f000 	/System/Library/Frameworks/CoreServices.framework/Versions/A/CoreServices
0x000000000213f000 	/System/Library/PrivateFrameworks/PerformanceAnalysis.framework/Versions/A/PerformanceAnalysis
0x000000000213f000 	/System/Library/PrivateFrameworks/GenerationalStorage.framework/Versions/A/GenerationalStorage
0x000000000213f000 	/System/Library/Frameworks/OpenGL.framework/Versions/A/OpenGL
0x000000000213f000 	/System/Library/PrivateFrameworks/Sharing.framework/Versions/A/Sharing
0x000000000213f000 	/System/Library/Frameworks/CoreGraphics.framework/Versions/A/CoreGraphics
0x000000000213f000 	/System/Library/Frameworks/CoreImage.framework/Versions/A/CoreImage
0x000000000213f000 	/System/Library/Frameworks/CoreText.framework/Versions/A/CoreText
0x000000000213f000 	/System/Library/Frameworks/ImageIO.framework/Versions/A/ImageIO
0x000000000213f000 	/System/Library/PrivateFrameworks/Backup.framework/Versions/A/Backup
0x000000000213f000 	/usr/lib/libextension.dylib
0x000000000213f000 	/usr/lib/libarchive.2.dylib
0x000000000213f000 	/System/Library/Frameworks/CFNetwork.framework/Versions/A/CFNetwork
0x000000000213f000 	/System/Library/Frameworks/SystemConfiguration.framework/Versions/A/SystemConfiguration
0x000000000213f000 	/usr/lib/libCRFSuite.dylib
0x000000000213f000 	/usr/lib/libc++.1.dylib
0x000000000213f000 	/usr/lib/libc++abi.dylib
0x000000000213f000 	/usr/lib/system/libcache.dylib
0x000000000213f000 	/usr/lib/system/libcommonCrypto.dylib
0x000000000213f000 	/usr/lib/system/libcompiler_rt.dylib
0x000000000213f000 	/usr/lib/system/libcopyfile.dylib
0x000000000213f000 	/usr/lib/system/libcorecrypto.dylib
0x000000000213f000 	/usr/lib/system/libdispatch.dylib
0x000000000213f000 	/usr/lib/system/libdyld.dylib
0x000000000213f000 	/usr/lib/system/libkeymgr.dylib
0x000000000213f000 	/usr/lib/system/liblaunch.dylib
0x000000000213f000 	/usr/lib/system/libmacho.dylib
0x000000000213f000 	/usr/lib/system/libquarantine.dylib
0x000000000213f000 	/usr/lib/system/libremovefile.dylib
0x000000000213f000 	/usr/lib/system/libsystem_asl.dylib
0x000000000213f000 	/usr/lib/system/libsystem_blocks.dylib
0x000000000213f000 	/usr/lib/system/libsystem_c.dylib
0x000000000213f000 	/usr/lib/system/libsystem_configuration.dylib
0x000000000213f000 	/usr/lib/system/libsystem_coreservices.dylib
0x000000000213f000 	/usr/lib/system/libsystem_coretls.dylib
0x000000000213f000 	/usr/lib/system/libsystem_dnssd.dylib
0x000000000213f000 	/usr/lib/system/libsystem_info.dylib
0x000000000213f000 	/usr/lib/system/libsystem_kernel.dylib
0x000000000213f000 	/usr/lib/system/libsystem_m.dylib
0x000000000213f000 	/usr/lib/system/libsystem_malloc.dylib
0x000000000213f000 	/usr/lib/system/libsystem_network.dylib
0x000000000213f000 	/usr/lib/system/libsystem_networkextension.dylib
0x000000000213f000 	/usr/lib/system/libsystem_notify.dylib
0x000000000213f000 	/usr/lib/system/libsystem_platform.dylib
0x000000000213f000 	/usr/lib/system/libsystem_pthread.dylib
0x000000000213f000 	/usr/lib/system/libsystem_sandbox.dylib
0x000000000213f000 	/usr/lib/system/libsystem_secinit.dylib
0x000000000213f000 	/usr/lib/system/libsystem_trace.dylib
0x000000000213f000 	/usr/lib/system/libunc.dylib
0x000000000213f000 	/usr/lib/system/libunwind.dylib
0x000000000213f000 	/usr/lib/system/libxpc.dylib
0x000000000213f000 	/usr/lib/libenergytrace.dylib
0x000000000213f000 	/usr/lib/libbsm.0.dylib
0x000000000213f000 	/usr/lib/system/libkxld.dylib
0x000000000213f000 	/usr/lib/libxar.1.dylib
0x000000000213f000 	/usr/lib/libsqlite3.dylib
0x000000000213f000 	/usr/lib/libpam.2.dylib
0x000000000213f000 	/usr/lib/libOpenScriptingUtil.dylib
0x000000000213f000 	/usr/lib/libbz2.1.0.dylib
0x000000000213f000 	/usr/lib/liblzma.5.dylib
0x000000000213f000 	/System/Library/Frameworks/CoreServices.framework/Versions/A/Frameworks/FSEvents.framework/Versions/A/FSEvents
0x000000000213f000 	/System/Library/Frameworks/CoreServices.framework/Versions/A/Frameworks/CarbonCore.framework/Versions/A/CarbonCore
0x000000000213f000 	/System/Library/Frameworks/CoreServices.framework/Versions/A/Frameworks/Metadata.framework/Versions/A/Metadata
0x000000000213f000 	/System/Library/Frameworks/CoreServices.framework/Versions/A/Frameworks/OSServices.framework/Versions/A/OSServices
0x000000000213f000 	/System/Library/Frameworks/CoreServices.framework/Versions/A/Frameworks/SearchKit.framework/Versions/A/SearchKit
0x000000000213f000 	/System/Library/Frameworks/CoreServices.framework/Versions/A/Frameworks/AE.framework/Versions/A/AE
0x000000000213f000 	/System/Library/Frameworks/CoreServices.framework/Versions/A/Frameworks/LaunchServices.framework/Versions/A/LaunchServices
0x000000000213f000 	/System/Library/Frameworks/CoreServices.framework/Versions/A/Frameworks/DictionaryServices.framework/Versions/A/DictionaryServices
0x000000000213f000 	/System/Library/Frameworks/CoreServices.framework/Versions/A/Frameworks/SharedFileList.framework/Versions/A/SharedFileList
0x000000000213f000 	/System/Library/Frameworks/NetFS.framework/Versions/A/NetFS
0x000000000213f000 	/System/Library/PrivateFrameworks/NetAuth.framework/Versions/A/NetAuth
0x000000000213f000 	/System/Library/PrivateFrameworks/login.framework/Versions/A/Frameworks/loginsupport.framework/Versions/A/loginsupport
0x000000000213f000 	/System/Library/PrivateFrameworks/TCC.framework/Versions/A/TCC
0x000000000213f000 	/usr/lib/libmecabra.dylib
0x000000000213f000 	/System/Library/Frameworks/ApplicationServices.framework/Versions/A/Frameworks/ATS.framework/Versions/A/ATS
0x000000000213f000 	/System/Library/Frameworks/ApplicationServices.framework/Versions/A/Frameworks/ColorSync.framework/Versions/A/ColorSync
0x000000000213f000 	/System/Library/Frameworks/ApplicationServices.framework/Versions/A/Frameworks/HIServices.framework/Versions/A/HIServices
0x000000000213f000 	/System/Library/Frameworks/ApplicationServices.framework/Versions/A/Frameworks/LangAnalysis.framework/Versions/A/LangAnalysis
0x000000000213f000 	/System/Library/Frameworks/ApplicationServices.framework/Versions/A/Frameworks/PrintCore.framework/Versions/A/PrintCore
0x000000000213f000 	/System/Library/Frameworks/ApplicationServices.framework/Versions/A/Frameworks/QD.framework/Versions/A/QD
0x000000000213f000 	/System/Library/Frameworks/ApplicationServices.framework/Versions/A/Frameworks/SpeechSynthesis.framework/Versions/A/SpeechSynthesis
0x000000000213f000 	/System/Library/Frameworks/Metal.framework/Versions/A/Metal
0x000000000213f000 	/System/Library/Frameworks/Accelerate.framework/Versions/A/Frameworks/vImage.framework/Versions/A/vImage
0x000000000213f000 	/System/Library/Frameworks/Accelerate.framework/Versions/A/Frameworks/vecLib.framework/Versions/A/vecLib
0x000000000213f000 	/System/Library/Frameworks/Accelerate.framework/Versions/A/Frameworks/vecLib.framework/Versions/A/libvDSP.dylib
0x000000000213f000 	/System/Library/Frameworks/Accelerate.framework/Versions/A/Frameworks/vecLib.framework/Versions/A/libvMisc.dylib
0x000000000213f000 	/System/Library/Frameworks/Accelerate.framework/Versions/A/Frameworks/vecLib.framework/Versions/A/libLAPACK.dylib
0x000000000213f000 	/System/Library/Frameworks/Accelerate.framework/Versions/A/Frameworks/vecLib.framework/Versions/A/libBLAS.dylib
0x000000000213f000 	/System/Library/Frameworks/Accelerate.framework/Versions/A/Frameworks/vecLib.framework/Versions/A/libLinearAlgebra.dylib
0x000000000213f000 	/System/Library/Frameworks/Accelerate.framework/Versions/A/Frameworks/vecLib.framework/Versions/A/libSparseBLAS.dylib
0x000000000213f000 	/System/Library/PrivateFrameworks/GPUCompiler.framework/libmetal_timestamp.dylib
0x000000000213f000 	/System/Library/Frameworks/OpenGL.framework/Versions/A/Libraries/libCoreFSCache.dylib
0x000000000213f000 	/System/Library/PrivateFrameworks/IOAccelerator.framework/Versions/A/IOAccelerator
0x000000000213f000 	/System/Library/Frameworks/ApplicationServices.framework/Versions/A/Frameworks/ATS.framework/Versions/A/Resources/libFontParser.dylib
0x000000000213f000 	/System/Library/Frameworks/ApplicationServices.framework/Versions/A/Frameworks/ATS.framework/Versions/A/Resources/libFontRegistry.dylib
0x000000000213f000 	/System/Library/PrivateFrameworks/AppleVPA.framework/Versions/A/AppleVPA
0x000000000213f000 	/System/Library/PrivateFrameworks/AppleJPEG.framework/Versions/A/AppleJPEG
0x000000000213f000 	/System/Library/Frameworks/ImageIO.framework/Versions/A/Resources/libJPEG.dylib
0x000000000213f000 	/System/Library/Frameworks/ImageIO.framework/Versions/A/Resources/libTIFF.dylib
0x000000000213f000 	/System/Library/Frameworks/ImageIO.framework/Versions/A/Resources/libPng.dylib
0x000000000213f000 	/System/Library/Frameworks/ImageIO.framework/Versions/A/Resources/libGIF.dylib
0x000000000213f000 	/System/Library/Frameworks/ImageIO.framework/Versions/A/Resources/libJP2.dylib
0x000000000213f000 	/System/Library/Frameworks/ImageIO.framework/Versions/A/Resources/libRadiance.dylib
0x000000000213f000 	/System/Library/Frameworks/CoreVideo.framework/Versions/A/CoreVideo
0x000000000213f000 	/System/Library/Frameworks/OpenGL.framework/Versions/A/Libraries/libGLU.dylib
0x000000000213f000 	/System/Library/Frameworks/OpenGL.framework/Versions/A/Libraries/libGFXShared.dylib
0x000000000213f000 	/System/Library/Frameworks/OpenGL.framework/Versions/A/Libraries/libGL.dylib
0x000000000213f000 	/System/Library/Frameworks/OpenGL.framework/Versions/A/Libraries/libGLImage.dylib
0x000000000213f000 	/System/Library/Frameworks/OpenGL.framework/Versions/A/Libraries/libCVMSPluginSupport.dylib
0x000000000213f000 	/System/Library/Frameworks/OpenGL.framework/Versions/A/Libraries/libCoreVMClient.dylib
0x000000000213f000 	/usr/lib/libcups.2.dylib
0x000000000213f000 	/System/Library/Frameworks/Kerberos.framework/Versions/A/Kerberos
0x000000000213f000 	/System/Library/Frameworks/GSS.framework/Versions/A/GSS
0x000000000213f000 	/usr/lib/libresolv.9.dylib
0x000000000213f000 	/usr/lib/libiconv.2.dylib
0x000000000213f000 	/System/Library/PrivateFrameworks/Heimdal.framework/Versions/A/Heimdal
0x000000000213f000 	/usr/lib/libheimdal-asn1.dylib
0x000000000213f000 	/System/Library/Frameworks/OpenDirectory.framework/Versions/A/OpenDirectory
0x000000000213f000 	/System/Library/PrivateFrameworks/CommonAuth.framework/Versions/A/CommonAuth
0x000000000213f000 	/System/Library/Frameworks/OpenDirectory.framework/Versions/A/Frameworks/CFOpenDirectory.framework/Versions/A/CFOpenDirectory
0x000000000213f000 	/System/Library/Frameworks/SecurityFoundation.framework/Versions/A/SecurityFoundation
0x000000000213f000 	/System/Library/PrivateFrameworks/LanguageModeling.framework/Versions/A/LanguageModeling
0x000000000213f000 	/usr/lib/libmarisa.dylib
0x000000000213f000 	/usr/lib/libChineseTokenizer.dylib
0x000000000213f000 	/usr/lib/libcmph.dylib
0x000000000213f000 	/usr/lib/libcompression.dylib
0x000000000213f000 	/System/Library/Frameworks/ServiceManagement.framework/Versions/A/ServiceManagement
0x000000000213f000 	/usr/lib/libxslt.1.dylib
0x000000000213f000 	/System/Library/Frameworks/Carbon.framework/Versions/A/Frameworks/Ink.framework/Versions/A/Ink
0x000000000213f000 	/usr/lib/libFosl_dynamic.dylib
0x000000000213f000 	/System/Library/PrivateFrameworks/FaceCore.framework/Versions/A/FaceCore
0x000000000213f000 	/System/Library/Frameworks/OpenCL.framework/Versions/A/OpenCL
0x000000000213f000 	/System/Library/PrivateFrameworks/CrashReporterSupport.framework/Versions/A/CrashReporterSupport
0x000000000213f000 	/System/Library/PrivateFrameworks/IconServices.framework/Versions/A/IconServices
0x000000000213f000 	/System/Library/PrivateFrameworks/Apple80211.framework/Versions/A/Apple80211
0x000000000213f000 	/System/Library/Frameworks/CoreWLAN.framework/Versions/A/CoreWLAN
0x000000000213f000 	/System/Library/Frameworks/IOBluetooth.framework/Versions/A/IOBluetooth
0x000000000213f000 	/System/Library/PrivateFrameworks/CoreWiFi.framework/Versions/A/CoreWiFi
0x000000000213f000 	/System/Library/Frameworks/CoreBluetooth.framework/Versions/A/CoreBluetooth
0x000000000213f000 	/System/Library/PrivateFrameworks/ChunkingLibrary.framework/Versions/A/ChunkingLibrary
0x000000000213f000 	/System/Library/PrivateFrameworks/DebugSymbols.framework/Versions/A/DebugSymbols
0x000000000213f000 	/System/Library/PrivateFrameworks/CoreSymbolication.framework/Versions/A/CoreSymbolication
0x000000000213f000 	/System/Library/PrivateFrameworks/Symbolication.framework/Versions/A/Symbolication
0x000000000213f000 	/System/Library/PrivateFrameworks/SpeechRecognitionCore.framework/Versions/A/SpeechRecognitionCore
0x000000010de00000 	/Library/Java/JavaVirtualMachines/jdk1.7.0_55.jdk/Contents/Home/jre/lib/server/libjvm.dylib
0x000000000213f000 	/usr/lib/libstdc++.6.dylib
0x000000010ccde000 	/Library/Java/JavaVirtualMachines/jdk1.7.0_55.jdk/Contents/Home/jre/lib/libverify.dylib
0x000000010cceb000 	/Library/Java/JavaVirtualMachines/jdk1.7.0_55.jdk/Contents/Home/jre/lib/libjava.dylib
0x000000010cd25000 	/Library/Java/JavaVirtualMachines/jdk1.7.0_55.jdk/Contents/Home/jre/lib/libzip.dylib
0x000000011856b000 	/System/Library/Frameworks/JavaVM.framework/Frameworks/JavaRuntimeSupport.framework/JavaRuntimeSupport
0x0000000118586000 	/System/Library/Frameworks/JavaVM.framework/Versions/A/Frameworks/JavaNativeFoundation.framework/Versions/A/JavaNativeFoundation
0x000000010cdef000 	/System/Library/Frameworks/JavaVM.framework/Versions/A/JavaVM
0x000000000213f000 	/System/Library/Frameworks/Carbon.framework/Versions/A/Carbon
0x000000011859b000 	/System/Library/PrivateFrameworks/JavaLaunching.framework/Versions/A/JavaLaunching
0x000000000213f000 	/System/Library/Frameworks/Carbon.framework/Versions/A/Frameworks/CommonPanels.framework/Versions/A/CommonPanels
0x000000000213f000 	/System/Library/Frameworks/Carbon.framework/Versions/A/Frameworks/Help.framework/Versions/A/Help
0x000000000213f000 	/System/Library/Frameworks/Carbon.framework/Versions/A/Frameworks/ImageCapture.framework/Versions/A/ImageCapture
0x000000000213f000 	/System/Library/Frameworks/Carbon.framework/Versions/A/Frameworks/OpenScripting.framework/Versions/A/OpenScripting
0x000000000213f000 	/System/Library/Frameworks/Carbon.framework/Versions/A/Frameworks/Print.framework/Versions/A/Print
0x000000000213f000 	/System/Library/Frameworks/Carbon.framework/Versions/A/Frameworks/SecurityHI.framework/Versions/A/SecurityHI
0x000000011a138000 	/Applications/IntelliJ IDEA 14 CE.app/Contents/bin/libbreakgen64.jnilib
0x000000011a13b000 	/Library/Java/JavaVirtualMachines/jdk1.7.0_55.jdk/Contents/Home/jre/lib/libnet.dylib

VM Arguments:
jvm_args: -Didea.launcher.port=7532 -Didea.launcher.bin.path=/Applications/IntelliJ IDEA 14 CE.app/Contents/bin -Dfile.encoding=UTF-8 
java_command: com.intellij.rt.execution.application.AppMain cc.openthings.sync.OntAnalyser
Launcher Type: SUN_STANDARD

Environment Variables:
JAVA_HOME=/Library/Java/JavaVirtualMachines/jdk1.8.0_31.jdk/Contents/Home
PATH=/Users/sic/.npm-packages/bin:/usr/bin:/bin:/usr/sbin:/sbin:/usr/local/bin:/Users/sic/dev/gradle-1.10/bin:/Users/sic/dev/adt-bundle-mac-x86_64/sdk/tools:/Users/sic/dev/adt-bundle-mac-x86_64/sdk/platform-tools:/Users/sic/tools/dex2jar-0.0.9.15:/Library/Tomcat/bin:/Users/sic/tools/play:/opt/X11/bin:/usr/local/git/bin
SHELL=/bin/bash
DISPLAY=/private/tmp/com.apple.launchd.Cmnx9tOpKW/org.macosforge.xquartz:0

Signal Handlers:
SIGSEGV: [libjvm.dylib+0x5253e5], sa_mask[0]=0xfffefeff, sa_flags=0x00000043
SIGBUS: [libjvm.dylib+0x5253e5], sa_mask[0]=0xfffefeff, sa_flags=0x00000042
SIGFPE: [libjvm.dylib+0x4188a2], sa_mask[0]=0xfffefeff, sa_flags=0x00000042
SIGPIPE: [libjvm.dylib+0x4188a2], sa_mask[0]=0xfffefeff, sa_flags=0x00000042
SIGXFSZ: [libjvm.dylib+0x4188a2], sa_mask[0]=0xfffefeff, sa_flags=0x00000042
SIGILL: [libjvm.dylib+0x4188a2], sa_mask[0]=0xfffefeff, sa_flags=0x00000042
SIGUSR1: SIG_DFL, sa_mask[0]=0x00000000, sa_flags=0x00000000
SIGUSR2: [libjvm.dylib+0x418394], sa_mask[0]=0x00000004, sa_flags=0x00000042
SIGHUP: [libjvm.dylib+0x416623], sa_mask[0]=0xfffefeff, sa_flags=0x00000042
SIGINT: [libjvm.dylib+0x416623], sa_mask[0]=0xfffefeff, sa_flags=0x00000042
SIGTERM: [libjvm.dylib+0x416623], sa_mask[0]=0xfffefeff, sa_flags=0x00000042
SIGQUIT: [libjvm.dylib+0x416623], sa_mask[0]=0xfffefeff, sa_flags=0x00000042


---------------  S Y S T E M  ---------------

OS:Bsduname:Darwin 15.0.0 Darwin Kernel Version 15.0.0: Wed Aug 26 16:57:32 PDT 2015; root:xnu-3247.1.106~1/RELEASE_X86_64 x86_64
rlimit: STACK 8192k, CORE 0k, NPROC 709, NOFILE 10240, AS infinity
load average:16.13 9.03 5.46

CPU:total 8 (4 cores per cpu, 2 threads per core) family 6 model 58 stepping 9, cmov, cx8, fxsr, mmx, sse, sse2, sse3, ssse3, sse4.1, sse4.2, popcnt, avx, aes, erms, ht, tsc, tscinvbit, tscinv

Memory: 4k page, physical 8388608k(2097152k free)

/proc/meminfo:


vm_info: Java HotSpot(TM) 64-Bit Server VM (24.55-b03) for bsd-amd64 JRE (1.7.0_55-b13), built on Mar 17 2014 19:40:08 by "java_re" with gcc 4.2.1 (Based on Apple Inc. build 5658) (LLVM build 2336.11.00)

time: Wed Oct 21 14:55:49 2015
elapsed time: 315 seconds

