#
# A fatal error has been detected by the Java Runtime Environment:
#
#  SIGSEGV (0xb) at pc=0x000000010c7ac1f1, pid=17467, tid=10243
#
# JRE version: Java(TM) SE Runtime Environment (7.0_55-b13) (build 1.7.0_55-b13)
# Java VM: Java HotSpot(TM) 64-Bit Server VM (24.55-b03 mixed mode bsd-amd64 compressed oops)
# Problematic frame:
# V  [libjvm.dylib+0x2351f1]
#
# Failed to write core dump. Core dumps have been disabled. To enable core dumping, try "ulimit -c unlimited" before starting Java again
#
# If you would like to submit a bug report, please visit:
#   http://bugreport.sun.com/bugreport/crash.jsp
#

---------------  T H R E A D  ---------------

Current thread (0x00007fb22a802000):  GCTaskThread [stack: 0x0000700000423000,0x0000700000523000] [id=10243]

siginfo:si_signo=SIGSEGV: si_errno=0, si_code=1 (SEGV_MAPERR), si_addr=0x0000000001c00198

Registers:
RAX=0x000000010cce75c0, RBX=0x00007fb2284169b0, RCX=0x00000000003ead03, RDX=0x0000000001f56801
RSP=0x0000700000522c50, RBP=0x0000700000522c50, RSI=0x000000078a8b4400, RDI=0x0000000001c00180
R8 =0x00000000000001d3, R9 =0x0000000000009eb5, R10=0x0940002900000000, R11=0x0000010000000000
R12=0x000000078778af24, R13=0x000000078778af30, R14=0x000000078a8b4400, R15=0x000000077b6f67e0
RIP=0x000000010c7ac1f1, EFLAGS=0x0000000000010202, ERR=0x0000000000000004
  TRAPNO=0x000000000000000e

Top of Stack: (sp=0x0000700000522c50)
0x0000700000522c50:   0000700000522c80 000000010c73befa
0x0000700000522c60:   0000700000522cd0 00007fb2284169b0
0x0000700000522c70:   000000077b6f67e0 000000077b6f67e0
0x0000700000522c80:   0000700000522cd0 000000010c817275
0x0000700000522c90:   00007fb2284169b0 000000078778af18
0x0000700000522ca0:   000000077b6f67e8 00007fb2284169b0
0x0000700000522cb0:   000000078778af18 0000000000158600
0x0000700000522cc0:   00007fb2284169b8 000000010cce75c0
0x0000700000522cd0:   0000700000522d50 000000010c9c14ce
0x0000700000522ce0:   00007fb2284169f0 00007fb228416a38
0x0000700000522cf0:   00007fb228416a70 00000007916d6130
0x0000700000522d00:   0000700000158600 000000010c817275
0x0000700000522d10:   0000700000522d50 000000078219e7c0
0x0000700000522d20:   0001a47e00006d23 0000000000000002
0x0000700000522d30:   0000700000522d80 000000010cce75c0
0x0000700000522d40:   00007fb2284169b0 0000700000522d6c
0x0000700000522d50:   0000700000522db0 000000010c9b5241
0x0000700000522d60:   00007fb22b307970 74d6c8630c7e05ab
0x0000700000522d70:   00000007834d28b0 0000000000000200
0x0000700000522d80:   000000078219e7c0 00007fb22a802000
0x0000700000522d90:   0000000000000000 000000010caea0f2
0x0000700000522da0:   00007fb22b307970 0000000000000001
0x0000700000522db0:   0000700000522e90 000000010c7e0aa7
0x0000700000522dc0:   0000700000522df0 00007fb22b300040
0x0000700000522dd0:   00007fb22b300070 00007fb22b300080
0x0000700000522de0:   00007fb22b300458 00000000000003d8
0x0000700000522df0:   00007fb22a802000 00007fb22b300460
0x0000700000522e00:   00007fb22b300490 00007fb22b3004a0
0x0000700000522e10:   00007fb22b300878 00000000000003d8
0x0000700000522e20:   0000700000522e30 0000000000000000
0x0000700000522e30:   00007fb22a802000 00007fb22b300460
0x0000700000522e40:   00007fb22b300490 00007fb22b3004a0 

Instructions: (pc=0x000000010c7ac1f1)
0x000000010c7ac1d1:   84 d2 48 89 fe 74 15 48 8d 05 e1 b3 53 00 8a 48
0x000000010c7ac1e1:   08 8b 7e 08 48 d3 e7 48 03 38 eb 04 48 8b 7e 08
0x000000010c7ac1f1:   8b 47 18 48 83 c7 10 85 c0 7e 09 a8 01 75 4e c1
0x000000010c7ac201:   f8 03 eb 47 85 c0 7f 43 85 c0 79 41 84 d2 0f 94 

Register to memory mapping:

RAX=0x000000010cce75c0: _ZN8Universe11_narrow_oopE+0 in /Library/Java/JavaVirtualMachines/jdk1.7.0_55.jdk/Contents/Home/jre/lib/server/libjvm.dylib at 0x000000010c577000
RBX=0x00007fb2284169b0 is an unknown value
RCX=0x00000000003ead03 is an unknown value
RDX=0x0000000001f56801 is an unknown value
RSP=0x0000700000522c50 is an unknown value
RBP=0x0000700000522c50 is an unknown value
RSI=0x000000078a8b4400 is pointing into object: 0x000000078a8b43d0
[C 
 - klass: {type array char}
 - length: 39
RDI=0x0000000001c00180 is an unknown value
R8 =0x00000000000001d3 is an unknown value
R9 =0x0000000000009eb5 is an unknown value
R10=0x0940002900000000 is an unknown value
R11=0x0000010000000000 is an unknown value
R12=0x000000078778af24 is pointing into object: 0x000000078778af18
com.hp.hpl.jena.graph.Triple 
 - klass: 'com/hp/hpl/jena/graph/Triple'
R13=0x000000078778af30 is an oop
com.hp.hpl.jena.graph.Node_URI 
 - klass: 'com/hp/hpl/jena/graph/Node_URI'
R14=0x000000078a8b4400 is pointing into object: 0x000000078a8b43d0
[C 
 - klass: {type array char}
 - length: 39
R15=0x000000077b6f67e0 is pointing into object: 0x000000077b6f6520
{instance class} 
 - klass: {other class}


Stack: [0x0000700000423000,0x0000700000523000],  sp=0x0000700000522c50,  free space=1023k
Native frames: (J=compiled Java code, j=interpreted, Vv=VM code, C=native code)
V  [libjvm.dylib+0x2351f1]
V  [libjvm.dylib+0x1c4efa]
V  [libjvm.dylib+0x2a0275]
V  [libjvm.dylib+0x44a4ce]
V  [libjvm.dylib+0x43e241]
V  [libjvm.dylib+0x269aa7]
V  [libjvm.dylib+0x41b14e]
C  [libsystem_pthread.dylib+0x39b1]  _pthread_body+0x83
C  [libsystem_pthread.dylib+0x392e]  _pthread_body+0x0
C  [libsystem_pthread.dylib+0x1385]  thread_start+0xd


---------------  P R O C E S S  ---------------

Java Threads: ( => current thread )
  0x00007fb22c905800 JavaThread "Monitor Ctrl-Break" daemon [_thread_in_native, id=21251, stack(0x0000700001353000,0x0000700001453000)]
  0x00007fb22c803800 JavaThread "Service Thread" daemon [_thread_blocked, id=20227, stack(0x000070000114d000,0x000070000124d000)]
  0x00007fb22a01e800 JavaThread "C2 CompilerThread1" daemon [_thread_blocked, id=19715, stack(0x000070000104a000,0x000070000114a000)]
  0x00007fb228816000 JavaThread "C2 CompilerThread0" daemon [_thread_blocked, id=19203, stack(0x0000700000f47000,0x0000700001047000)]
  0x00007fb22c802800 JavaThread "Signal Dispatcher" daemon [_thread_blocked, id=18699, stack(0x0000700000e44000,0x0000700000f44000)]
  0x00007fb22c002800 JavaThread "Finalizer" daemon [_thread_blocked, id=14339, stack(0x0000700000c3b000,0x0000700000d3b000)]
  0x00007fb22c800000 JavaThread "Reference Handler" daemon [_thread_blocked, id=13827, stack(0x0000700000b38000,0x0000700000c38000)]
  0x00007fb229800800 JavaThread "main" [_thread_blocked, id=5891, stack(0x000070000011a000,0x000070000021a000)]

Other Threads:
  0x00007fb228815800 VMThread [stack: 0x0000700000a35000,0x0000700000b35000] [id=13315]
  0x00007fb228817000 WatcherThread [stack: 0x0000700001250000,0x0000700001350000] [id=20739]

=>0x00007fb22a802000 (exited) GCTaskThread [stack: 0x0000700000423000,0x0000700000523000] [id=10243]

VM state:at safepoint (normal execution)

VM Mutex/Monitor currently owned by a thread:  ([mutex/lock_event])
[0x00007fb228602d40] Threads_lock - owner thread: 0x00007fb228815800
[0x00007fb228603240] Heap_lock - owner thread: 0x00007fb229800800

Heap
 PSYoungGen      total 392704K, used 159744K [0x00000007d5500000, 0x00000007fc580000, 0x0000000800000000)
  eden space 159744K, 100% used [0x00000007d5500000,0x00000007df100000,0x00000007df100000)
  from space 232960K, 0% used [0x00000007df100000,0x00000007df100000,0x00000007ed480000)
  to   space 230400K, 0% used [0x00000007ee480000,0x00000007ee480000,0x00000007fc580000)
 ParOldGen       total 1397760K, used 1376713K [0x0000000780000000, 0x00000007d5500000, 0x00000007d5500000)
  object space 1397760K, 98% used [0x0000000780000000,0x00000007d4072668,0x00000007d5500000)
 PSPermGen       total 21504K, used 9332K [0x000000077ae00000, 0x000000077c300000, 0x0000000780000000)
  object space 21504K, 43% used [0x000000077ae00000,0x000000077b71d230,0x000000077c300000)

Card table byte_map: [0x00000001110f0000,0x000000011151a000] byte_map_base: 0x000000010d519000

Polling page: 0x000000010cfdb000

Code Cache  [0x000000010e030000, 0x000000010e2a0000, 0x0000000111030000)
 total_blobs=538 nmethods=295 adapters=197 free_code_cache=48147Kb largest_free_block=49277440

Compilation events (10 events):
Event: 11.788 Thread 0x00007fb228816000  291             com.hp.hpl.jena.util.iterator.NiceIterator::<init> (5 bytes)
Event: 11.788 Thread 0x00007fb22a01e800  292             com.hp.hpl.jena.mem.ArrayBunch::iterator (13 bytes)
Event: 11.788 Thread 0x00007fb228816000 nmethod 291 0x000000010e12a690 code [0x000000010e12a7c0, 0x000000010e12a818]
Event: 11.788 Thread 0x00007fb228816000  293             com.hp.hpl.jena.mem.ArrayBunch$1::<init> (10 bytes)
Event: 11.788 Thread 0x00007fb228816000 nmethod 293 0x000000010e12a3d0 code [0x000000010e12a500, 0x000000010e12a578]
Event: 11.788 Thread 0x00007fb228816000  294             com.hp.hpl.jena.mem.ArrayBunch::iterator (10 bytes)
Event: 11.790 Thread 0x00007fb228816000 nmethod 294 0x000000010e12ad50 code [0x000000010e12aea0, 0x000000010e12afd8]
Event: 11.790 Thread 0x00007fb228816000  295             com.hp.hpl.jena.mem.ArrayBunch$2::<init> (48 bytes)
Event: 11.790 Thread 0x00007fb22a01e800 nmethod 292 0x000000010e12f950 code [0x000000010e12faa0, 0x000000010e12fc38]
Event: 11.790 Thread 0x00007fb228816000 nmethod 295 0x000000010e12f650 code [0x000000010e12f7a0, 0x000000010e12f878]

GC Heap History (10 events):
Event: 34.238 GC heap after
Heap after GC invocations=30 (full 5):
 PSYoungGen      total 384512K, used 100288K [0x00000007d5500000, 0x00000007fb080000, 0x0000000800000000)
  eden space 151552K, 0% used [0x00000007d5500000,0x00000007d5500000,0x00000007de900000)
  from space 232960K, 43% used [0x00000007de900000,0x00000007e4af0198,0x00000007ecc80000)
  to   space 225280K, 0% used [0x00000007ed480000,0x00000007ed480000,0x00000007fb080000)
 ParOldGen       total 1087488K, used 1086825K [0x0000000780000000, 0x00000007c2600000, 0x00000007d5500000)
  object space 1087488K, 99% used [0x0000000780000000,0x00000007c255a698,0x00000007c2600000)
 PSPermGen       total 21504K, used 9332K [0x000000077ae00000, 0x000000077c300000, 0x0000000780000000)
  object space 21504K, 43% used [0x000000077ae00000,0x000000077b71d230,0x000000077c300000)
}
Event: 34.238 GC heap before
{Heap before GC invocations=31 (full 6):
 PSYoungGen      total 384512K, used 100288K [0x00000007d5500000, 0x00000007fb080000, 0x0000000800000000)
  eden space 151552K, 0% used [0x00000007d5500000,0x00000007d5500000,0x00000007de900000)
  from space 232960K, 43% used [0x00000007de900000,0x00000007e4af0198,0x00000007ecc80000)
  to   space 225280K, 0% used [0x00000007ed480000,0x00000007ed480000,0x00000007fb080000)
 ParOldGen       total 1087488K, used 1086825K [0x0000000780000000, 0x00000007c2600000, 0x00000007d5500000)
  object space 1087488K, 99% used [0x0000000780000000,0x00000007c255a698,0x00000007c2600000)
 PSPermGen       total 21504K, used 9332K [0x000000077ae00000, 0x000000077c300000, 0x0000000780000000)
  object space 21504K, 43% used [0x000000077ae00000,0x000000077b71d230,0x000000077c300000)
Event: 42.817 GC heap after
Heap after GC invocations=31 (full 6):
 PSYoungGen      total 384512K, used 81606K [0x00000007d5500000, 0x00000007fb080000, 0x0000000800000000)
  eden space 151552K, 0% used [0x00000007d5500000,0x00000007d5500000,0x00000007de900000)
  from space 232960K, 35% used [0x00000007de900000,0x00000007e38b18c8,0x00000007ecc80000)
  to   space 225280K, 0% used [0x00000007ed480000,0x00000007ed480000,0x00000007fb080000)
 ParOldGen       total 1397760K, used 1086992K [0x0000000780000000, 0x00000007d5500000, 0x00000007d5500000)
  object space 1397760K, 77% used [0x0000000780000000,0x00000007c25842e8,0x00000007d5500000)
 PSPermGen       total 21504K, used 9332K [0x000000077ae00000, 0x000000077c300000, 0x0000000780000000)
  object space 21504K, 43% used [0x000000077ae00000,0x000000077b71d230,0x000000077c300000)
}
Event: 44.730 GC heap before
{Heap before GC invocations=32 (full 6):
 PSYoungGen      total 384512K, used 233158K [0x00000007d5500000, 0x00000007fb080000, 0x0000000800000000)
  eden space 151552K, 100% used [0x00000007d5500000,0x00000007de900000,0x00000007de900000)
  from space 232960K, 35% used [0x00000007de900000,0x00000007e38b18c8,0x00000007ecc80000)
  to   space 225280K, 0% used [0x00000007ed480000,0x00000007ed480000,0x00000007fb080000)
 ParOldGen       total 1397760K, used 1086992K [0x0000000780000000, 0x00000007d5500000, 0x00000007d5500000)
  object space 1397760K, 77% used [0x0000000780000000,0x00000007c25842e8,0x00000007d5500000)
 PSPermGen       total 21504K, used 9332K [0x000000077ae00000, 0x000000077c300000, 0x0000000780000000)
  object space 21504K, 43% used [0x000000077ae00000,0x000000077b71d230,0x000000077c300000)
Event: 46.294 GC heap after
Heap after GC invocations=32 (full 6):
 PSYoungGen      total 385024K, used 184675K [0x00000007d5500000, 0x00000007fbe00000, 0x0000000800000000)
  eden space 159744K, 0% used [0x00000007d5500000,0x00000007d5500000,0x00000007df100000)
  from space 225280K, 81% used [0x00000007ed480000,0x00000007f88d8cb8,0x00000007fb080000)
  to   space 232960K, 0% used [0x00000007df100000,0x00000007df100000,0x00000007ed480000)
 ParOldGen       total 1397760K, used 1086992K [0x0000000780000000, 0x00000007d5500000, 0x00000007d5500000)
  object space 1397760K, 77% used [0x0000000780000000,0x00000007c25842e8,0x00000007d5500000)
 PSPermGen       total 21504K, used 9332K [0x000000077ae00000, 0x000000077c300000, 0x0000000780000000)
  object space 21504K, 43% used [0x000000077ae00000,0x000000077b71d230,0x000000077c300000)
}
Event: 47.665 GC heap before
{Heap before GC invocations=33 (full 6):
 PSYoungGen      total 385024K, used 344419K [0x00000007d5500000, 0x00000007fbe00000, 0x0000000800000000)
  eden space 159744K, 100% used [0x00000007d5500000,0x00000007df100000,0x00000007df100000)
  from space 225280K, 81% used [0x00000007ed480000,0x00000007f88d8cb8,0x00000007fb080000)
  to   space 232960K, 0% used [0x00000007df100000,0x00000007df100000,0x00000007ed480000)
 ParOldGen       total 1397760K, used 1086992K [0x0000000780000000, 0x00000007d5500000, 0x00000007d5500000)
  object space 1397760K, 77% used [0x0000000780000000,0x00000007c25842e8,0x00000007d5500000)
 PSPermGen       total 21504K, used 9332K [0x000000077ae00000, 0x000000077c300000, 0x0000000780000000)
  object space 21504K, 43% used [0x000000077ae00000,0x000000077b71d230,0x000000077c300000)
Event: 48.479 GC heap after
Heap after GC invocations=33 (full 6):
 PSYoungGen      total 392704K, used 111140K [0x00000007d5500000, 0x00000007fc580000, 0x0000000800000000)
  eden space 159744K, 0% used [0x00000007d5500000,0x00000007d5500000,0x00000007df100000)
  from space 232960K, 47% used [0x00000007df100000,0x00000007e5d89118,0x00000007ed480000)
  to   space 230400K, 0% used [0x00000007ee480000,0x00000007ee480000,0x00000007fc580000)
 ParOldGen       total 1397760K, used 1269881K [0x0000000780000000, 0x00000007d5500000, 0x00000007d5500000)
  object space 1397760K, 90% used [0x0000000780000000,0x00000007cd81e738,0x00000007d5500000)
 PSPermGen       total 21504K, used 9332K [0x000000077ae00000, 0x000000077c300000, 0x0000000780000000)
  object space 21504K, 43% used [0x000000077ae00000,0x000000077b71d230,0x000000077c300000)
}
Event: 48.479 GC heap before
{Heap before GC invocations=34 (full 7):
 PSYoungGen      total 392704K, used 111140K [0x00000007d5500000, 0x00000007fc580000, 0x0000000800000000)
  eden space 159744K, 0% used [0x00000007d5500000,0x00000007d5500000,0x00000007df100000)
  from space 232960K, 47% used [0x00000007df100000,0x00000007e5d89118,0x00000007ed480000)
  to   space 230400K, 0% used [0x00000007ee480000,0x00000007ee480000,0x00000007fc580000)
 ParOldGen       total 1397760K, used 1269881K [0x0000000780000000, 0x00000007d5500000, 0x00000007d5500000)
  object space 1397760K, 90% used [0x0000000780000000,0x00000007cd81e738,0x00000007d5500000)
 PSPermGen       total 21504K, used 9332K [0x000000077ae00000, 0x000000077c300000, 0x0000000780000000)
  object space 21504K, 43% used [0x000000077ae00000,0x000000077b71d230,0x000000077c300000)
Event: 55.383 GC heap after
Heap after GC invocations=34 (full 7):
 PSYoungGen      total 392704K, used 0K [0x00000007d5500000, 0x00000007fc580000, 0x0000000800000000)
  eden space 159744K, 0% used [0x00000007d5500000,0x00000007d5500000,0x00000007df100000)
  from space 232960K, 0% used [0x00000007df100000,0x00000007df100000,0x00000007ed480000)
  to   space 230400K, 0% used [0x00000007ee480000,0x00000007ee480000,0x00000007fc580000)
 ParOldGen       total 1397760K, used 1376713K [0x0000000780000000, 0x00000007d5500000, 0x00000007d5500000)
  object space 1397760K, 98% used [0x0000000780000000,0x00000007d4072668,0x00000007d5500000)
 PSPermGen       total 21504K, used 9332K [0x000000077ae00000, 0x000000077c300000, 0x0000000780000000)
  object space 21504K, 43% used [0x000000077ae00000,0x000000077b71d230,0x000000077c300000)
}
Event: 59.465 GC heap before
{Heap before GC invocations=35 (full 8):
 PSYoungGen      total 392704K, used 159744K [0x00000007d5500000, 0x00000007fc580000, 0x0000000800000000)
  eden space 159744K, 100% used [0x00000007d5500000,0x00000007df100000,0x00000007df100000)
  from space 232960K, 0% used [0x00000007df100000,0x00000007df100000,0x00000007ed480000)
  to   space 230400K, 0% used [0x00000007ee480000,0x00000007ee480000,0x00000007fc580000)
 ParOldGen       total 1397760K, used 1376713K [0x0000000780000000, 0x00000007d5500000, 0x00000007d5500000)
  object space 1397760K, 98% used [0x0000000780000000,0x00000007d4072668,0x00000007d5500000)
 PSPermGen       total 21504K, used 9332K [0x000000077ae00000, 0x000000077c300000, 0x0000000780000000)
  object space 21504K, 43% used [0x000000077ae00000,0x000000077b71d230,0x000000077c300000)

Deoptimization events (10 events):
Event: 9.371 Thread 0x00007fb229800800 Uncommon trap: reason=class_check action=maybe_recompile pc=0x000000010e0f67f4 method=com.hp.hpl.jena.mem.HashedBunchMap.grow()V @ 134
Event: 9.371 Thread 0x00007fb229800800 Uncommon trap: reason=class_check action=maybe_recompile pc=0x000000010e0e69d4 method=com.hp.hpl.jena.mem.HashedBunchMap.grow()V @ 134
Event: 9.394 Thread 0x00007fb229800800 Uncommon trap: reason=class_check action=maybe_recompile pc=0x000000010e0d9d78 method=com.hp.hpl.jena.graph.Triple.hashCode(Lcom/hp/hpl/jena/graph/Node;Lcom/hp/hpl/jena/graph/Node;Lcom/hp/hpl/jena/graph/Node;)I @ 12
Event: 9.395 Thread 0x00007fb229800800 Uncommon trap: reason=class_check action=maybe_recompile pc=0x000000010e0f67f4 method=com.hp.hpl.jena.mem.HashedBunchMap.grow()V @ 134
Event: 9.847 Thread 0x00007fb229800800 Uncommon trap: reason=unreached action=reinterpret pc=0x000000010e11ea90 method=com.hp.hpl.jena.graph.impl.LiteralLabelImpl.setLiteralLabel_1(Ljava/lang/String;Ljava/lang/String;Lcom/hp/hpl/jena/datatypes/RDFDatatype;)V @ 12
Event: 9.847 Thread 0x00007fb229800800 Uncommon trap: reason=unreached action=reinterpret pc=0x000000010e11d494 method=com.hp.hpl.jena.graph.impl.LiteralLabelImpl.normalize()V @ 4
Event: 9.848 Thread 0x00007fb229800800 Uncommon trap: reason=unreached action=reinterpret pc=0x000000010e119a90 method=com.hp.hpl.jena.graph.impl.LiteralLabelImpl.setLiteralLabel_1(Ljava/lang/String;Ljava/lang/String;Lcom/hp/hpl/jena/datatypes/RDFDatatype;)V @ 12
Event: 9.848 Thread 0x00007fb229800800 Uncommon trap: reason=unreached action=reinterpret pc=0x000000010e10fcf8 method=com.hp.hpl.jena.graph.impl.LiteralLabelImpl.setLiteralLabel_1(Ljava/lang/String;Ljava/lang/String;Lcom/hp/hpl/jena/datatypes/RDFDatatype;)V @ 12
Event: 9.848 Thread 0x00007fb229800800 Uncommon trap: reason=unreached action=reinterpret pc=0x000000010e119728 method=com.hp.hpl.jena.graph.impl.LiteralLabelImpl.setLiteralLabel_1(Ljava/lang/String;Ljava/lang/String;Lcom/hp/hpl/jena/datatypes/RDFDatatype;)V @ 12
Event: 9.848 Thread 0x00007fb229800800 Uncommon trap: reason=unreached action=reinterpret pc=0x000000010e10f934 method=com.hp.hpl.jena.graph.impl.LiteralLabelImpl.hashCode()I @ 12

Internal exceptions (10 events):
Event: 1.391 Thread 0x00007fb229800800 Threw 0x00000007d60cb508 at /HUDSON/workspace/7u-2-build-macosx-x86_64/jdk7u55/869/hotspot/src/share/vm/prims/jvm.cpp:1244
Event: 1.403 Thread 0x00007fb229800800 Threw 0x00000007d60e1878 at /HUDSON/workspace/7u-2-build-macosx-x86_64/jdk7u55/869/hotspot/src/share/vm/prims/jvm.cpp:1244
Event: 1.404 Thread 0x00007fb229800800 Threw 0x00000007d60ecac8 at /HUDSON/workspace/7u-2-build-macosx-x86_64/jdk7u55/869/hotspot/src/share/vm/prims/jvm.cpp:1244
Event: 1.405 Thread 0x00007fb229800800 Threw 0x00000007d60f3fe8 at /HUDSON/workspace/7u-2-build-macosx-x86_64/jdk7u55/869/hotspot/src/share/vm/prims/jvm.cpp:1244
Event: 1.406 Thread 0x00007fb229800800 Threw 0x00000007d60fb4c8 at /HUDSON/workspace/7u-2-build-macosx-x86_64/jdk7u55/869/hotspot/src/share/vm/prims/jvm.cpp:1244
Event: 1.408 Thread 0x00007fb229800800 Threw 0x00000007d6102500 at /HUDSON/workspace/7u-2-build-macosx-x86_64/jdk7u55/869/hotspot/src/share/vm/prims/jvm.cpp:1244
Event: 1.410 Thread 0x00007fb229800800 Threw 0x00000007d610b290 at /HUDSON/workspace/7u-2-build-macosx-x86_64/jdk7u55/869/hotspot/src/share/vm/prims/jvm.cpp:1244
Event: 1.413 Thread 0x00007fb229800800 Threw 0x00000007d6113600 at /HUDSON/workspace/7u-2-build-macosx-x86_64/jdk7u55/869/hotspot/src/share/vm/prims/jvm.cpp:1244
Event: 9.846 Thread 0x00007fb229800800 Threw 0x00000007d777d228 at /HUDSON/workspace/7u-2-build-macosx-x86_64/jdk7u55/869/hotspot/src/share/vm/prims/jvm.cpp:1244
Event: 9.847 Thread 0x00007fb229800800 Threw 0x00000007d7788840 at /HUDSON/workspace/7u-2-build-macosx-x86_64/jdk7u55/869/hotspot/src/share/vm/prims/jvm.cpp:1244

Events (10 events):
Event: 27.765 Executing VM operation: ParallelGCFailedAllocation done
Event: 30.323 Executing VM operation: ParallelGCFailedAllocation
Event: 30.690 Executing VM operation: ParallelGCFailedAllocation done
Event: 33.408 Executing VM operation: ParallelGCFailedAllocation
Event: 42.817 Executing VM operation: ParallelGCFailedAllocation done
Event: 44.729 Executing VM operation: ParallelGCFailedAllocation
Event: 46.294 Executing VM operation: ParallelGCFailedAllocation done
Event: 47.665 Executing VM operation: ParallelGCFailedAllocation
Event: 55.383 Executing VM operation: ParallelGCFailedAllocation done
Event: 59.463 Executing VM operation: ParallelGCFailedAllocation


Dynamic libraries:
0x000000000213f000 	/System/Library/Frameworks/Cocoa.framework/Versions/A/Cocoa
0x000000000213f000 	/System/Library/Frameworks/Security.framework/Versions/A/Security
0x000000000213f000 	/System/Library/Frameworks/ApplicationServices.framework/Versions/A/ApplicationServices
0x000000000213f000 	/usr/lib/libz.1.dylib
0x000000000213f000 	/usr/lib/libSystem.B.dylib
0x000000000213f000 	/usr/lib/libobjc.A.dylib
0x000000000213f000 	/System/Library/Frameworks/CoreFoundation.framework/Versions/A/CoreFoundation
0x000000000213f000 	/System/Library/Frameworks/Foundation.framework/Versions/C/Foundation
0x000000000213f000 	/System/Library/Frameworks/AppKit.framework/Versions/C/AppKit
0x000000000213f000 	/System/Library/Frameworks/CoreData.framework/Versions/A/CoreData
0x000000000213f000 	/System/Library/PrivateFrameworks/RemoteViewServices.framework/Versions/A/RemoteViewServices
0x000000000213f000 	/System/Library/PrivateFrameworks/UIFoundation.framework/Versions/A/UIFoundation
0x000000000213f000 	/usr/lib/libScreenReader.dylib
0x000000000213f000 	/System/Library/Frameworks/Accelerate.framework/Versions/A/Accelerate
0x000000000213f000 	/System/Library/Frameworks/IOSurface.framework/Versions/A/IOSurface
0x000000000213f000 	/System/Library/Frameworks/AudioToolbox.framework/Versions/A/AudioToolbox
0x000000000213f000 	/System/Library/Frameworks/AudioUnit.framework/Versions/A/AudioUnit
0x000000000213f000 	/System/Library/PrivateFrameworks/DataDetectorsCore.framework/Versions/A/DataDetectorsCore
0x000000000213f000 	/System/Library/PrivateFrameworks/DesktopServicesPriv.framework/Versions/A/DesktopServicesPriv
0x000000000213f000 	/System/Library/Frameworks/Carbon.framework/Versions/A/Frameworks/HIToolbox.framework/Versions/A/HIToolbox
0x000000000213f000 	/System/Library/Frameworks/QuartzCore.framework/Versions/A/QuartzCore
0x000000000213f000 	/System/Library/Frameworks/Carbon.framework/Versions/A/Frameworks/SpeechRecognition.framework/Versions/A/SpeechRecognition
0x000000000213f000 	/usr/lib/libauto.dylib
0x000000000213f000 	/usr/lib/libicucore.A.dylib
0x000000000213f000 	/usr/lib/libxml2.2.dylib
0x000000000213f000 	/System/Library/PrivateFrameworks/CoreUI.framework/Versions/A/CoreUI
0x000000000213f000 	/System/Library/Frameworks/CoreAudio.framework/Versions/A/CoreAudio
0x000000000213f000 	/System/Library/Frameworks/DiskArbitration.framework/Versions/A/DiskArbitration
0x000000000213f000 	/usr/lib/liblangid.dylib
0x000000000213f000 	/System/Library/PrivateFrameworks/MultitouchSupport.framework/Versions/A/MultitouchSupport
0x000000000213f000 	/System/Library/Frameworks/IOKit.framework/Versions/A/IOKit
0x000000000213f000 	/usr/lib/libDiagnosticMessagesClient.dylib
0x000000000213f000 	/System/Library/Frameworks/CoreServices.framework/Versions/A/CoreServices
0x000000000213f000 	/System/Library/PrivateFrameworks/PerformanceAnalysis.framework/Versions/A/PerformanceAnalysis
0x000000000213f000 	/System/Library/PrivateFrameworks/GenerationalStorage.framework/Versions/A/GenerationalStorage
0x000000000213f000 	/System/Library/Frameworks/OpenGL.framework/Versions/A/OpenGL
0x000000000213f000 	/System/Library/PrivateFrameworks/Sharing.framework/Versions/A/Sharing
0x000000000213f000 	/System/Library/Frameworks/CoreGraphics.framework/Versions/A/CoreGraphics
0x000000000213f000 	/System/Library/Frameworks/CoreImage.framework/Versions/A/CoreImage
0x000000000213f000 	/System/Library/Frameworks/CoreText.framework/Versions/A/CoreText
0x000000000213f000 	/System/Library/Frameworks/ImageIO.framework/Versions/A/ImageIO
0x000000000213f000 	/System/Library/PrivateFrameworks/Backup.framework/Versions/A/Backup
0x000000000213f000 	/usr/lib/libextension.dylib
0x000000000213f000 	/usr/lib/libarchive.2.dylib
0x000000000213f000 	/System/Library/Frameworks/CFNetwork.framework/Versions/A/CFNetwork
0x000000000213f000 	/System/Library/Frameworks/SystemConfiguration.framework/Versions/A/SystemConfiguration
0x000000000213f000 	/usr/lib/libCRFSuite.dylib
0x000000000213f000 	/usr/lib/libc++.1.dylib
0x000000000213f000 	/usr/lib/libc++abi.dylib
0x000000000213f000 	/usr/lib/system/libcache.dylib
0x000000000213f000 	/usr/lib/system/libcommonCrypto.dylib
0x000000000213f000 	/usr/lib/system/libcompiler_rt.dylib
0x000000000213f000 	/usr/lib/system/libcopyfile.dylib
0x000000000213f000 	/usr/lib/system/libcorecrypto.dylib
0x000000000213f000 	/usr/lib/system/libdispatch.dylib
0x000000000213f000 	/usr/lib/system/libdyld.dylib
0x000000000213f000 	/usr/lib/system/libkeymgr.dylib
0x000000000213f000 	/usr/lib/system/liblaunch.dylib
0x000000000213f000 	/usr/lib/system/libmacho.dylib
0x000000000213f000 	/usr/lib/system/libquarantine.dylib
0x000000000213f000 	/usr/lib/system/libremovefile.dylib
0x000000000213f000 	/usr/lib/system/libsystem_asl.dylib
0x000000000213f000 	/usr/lib/system/libsystem_blocks.dylib
0x000000000213f000 	/usr/lib/system/libsystem_c.dylib
0x000000000213f000 	/usr/lib/system/libsystem_configuration.dylib
0x000000000213f000 	/usr/lib/system/libsystem_coreservices.dylib
0x000000000213f000 	/usr/lib/system/libsystem_coretls.dylib
0x000000000213f000 	/usr/lib/system/libsystem_dnssd.dylib
0x000000000213f000 	/usr/lib/system/libsystem_info.dylib
0x000000000213f000 	/usr/lib/system/libsystem_kernel.dylib
0x000000000213f000 	/usr/lib/system/libsystem_m.dylib
0x000000000213f000 	/usr/lib/system/libsystem_malloc.dylib
0x000000000213f000 	/usr/lib/system/libsystem_network.dylib
0x000000000213f000 	/usr/lib/system/libsystem_networkextension.dylib
0x000000000213f000 	/usr/lib/system/libsystem_notify.dylib
0x000000000213f000 	/usr/lib/system/libsystem_platform.dylib
0x000000000213f000 	/usr/lib/system/libsystem_pthread.dylib
0x000000000213f000 	/usr/lib/system/libsystem_sandbox.dylib
0x000000000213f000 	/usr/lib/system/libsystem_secinit.dylib
0x000000000213f000 	/usr/lib/system/libsystem_trace.dylib
0x000000000213f000 	/usr/lib/system/libunc.dylib
0x000000000213f000 	/usr/lib/system/libunwind.dylib
0x000000000213f000 	/usr/lib/system/libxpc.dylib
0x000000000213f000 	/usr/lib/libenergytrace.dylib
0x000000000213f000 	/usr/lib/libbsm.0.dylib
0x000000000213f000 	/usr/lib/system/libkxld.dylib
0x000000000213f000 	/usr/lib/libxar.1.dylib
0x000000000213f000 	/usr/lib/libsqlite3.dylib
0x000000000213f000 	/usr/lib/libpam.2.dylib
0x000000000213f000 	/usr/lib/libOpenScriptingUtil.dylib
0x000000000213f000 	/usr/lib/libbz2.1.0.dylib
0x000000000213f000 	/usr/lib/liblzma.5.dylib
0x000000000213f000 	/System/Library/Frameworks/CoreServices.framework/Versions/A/Frameworks/FSEvents.framework/Versions/A/FSEvents
0x000000000213f000 	/System/Library/Frameworks/CoreServices.framework/Versions/A/Frameworks/CarbonCore.framework/Versions/A/CarbonCore
0x000000000213f000 	/System/Library/Frameworks/CoreServices.framework/Versions/A/Frameworks/Metadata.framework/Versions/A/Metadata
0x000000000213f000 	/System/Library/Frameworks/CoreServices.framework/Versions/A/Frameworks/OSServices.framework/Versions/A/OSServices
0x000000000213f000 	/System/Library/Frameworks/CoreServices.framework/Versions/A/Frameworks/SearchKit.framework/Versions/A/SearchKit
0x000000000213f000 	/System/Library/Frameworks/CoreServices.framework/Versions/A/Frameworks/AE.framework/Versions/A/AE
0x000000000213f000 	/System/Library/Frameworks/CoreServices.framework/Versions/A/Frameworks/LaunchServices.framework/Versions/A/LaunchServices
0x000000000213f000 	/System/Library/Frameworks/CoreServices.framework/Versions/A/Frameworks/DictionaryServices.framework/Versions/A/DictionaryServices
0x000000000213f000 	/System/Library/Frameworks/CoreServices.framework/Versions/A/Frameworks/SharedFileList.framework/Versions/A/SharedFileList
0x000000000213f000 	/System/Library/Frameworks/NetFS.framework/Versions/A/NetFS
0x000000000213f000 	/System/Library/PrivateFrameworks/NetAuth.framework/Versions/A/NetAuth
0x000000000213f000 	/System/Library/PrivateFrameworks/login.framework/Versions/A/Frameworks/loginsupport.framework/Versions/A/loginsupport
0x000000000213f000 	/System/Library/PrivateFrameworks/TCC.framework/Versions/A/TCC
0x000000000213f000 	/usr/lib/libmecabra.dylib
0x000000000213f000 	/System/Library/Frameworks/ApplicationServices.framework/Versions/A/Frameworks/ATS.framework/Versions/A/ATS
0x000000000213f000 	/System/Library/Frameworks/ApplicationServices.framework/Versions/A/Frameworks/ColorSync.framework/Versions/A/ColorSync
0x000000000213f000 	/System/Library/Frameworks/ApplicationServices.framework/Versions/A/Frameworks/HIServices.framework/Versions/A/HIServices
0x000000000213f000 	/System/Library/Frameworks/ApplicationServices.framework/Versions/A/Frameworks/LangAnalysis.framework/Versions/A/LangAnalysis
0x000000000213f000 	/System/Library/Frameworks/ApplicationServices.framework/Versions/A/Frameworks/PrintCore.framework/Versions/A/PrintCore
0x000000000213f000 	/System/Library/Frameworks/ApplicationServices.framework/Versions/A/Frameworks/QD.framework/Versions/A/QD
0x000000000213f000 	/System/Library/Frameworks/ApplicationServices.framework/Versions/A/Frameworks/SpeechSynthesis.framework/Versions/A/SpeechSynthesis
0x000000000213f000 	/System/Library/Frameworks/Metal.framework/Versions/A/Metal
0x000000000213f000 	/System/Library/Frameworks/Accelerate.framework/Versions/A/Frameworks/vImage.framework/Versions/A/vImage
0x000000000213f000 	/System/Library/Frameworks/Accelerate.framework/Versions/A/Frameworks/vecLib.framework/Versions/A/vecLib
0x000000000213f000 	/System/Library/Frameworks/Accelerate.framework/Versions/A/Frameworks/vecLib.framework/Versions/A/libvDSP.dylib
0x000000000213f000 	/System/Library/Frameworks/Accelerate.framework/Versions/A/Frameworks/vecLib.framework/Versions/A/libvMisc.dylib
0x000000000213f000 	/System/Library/Frameworks/Accelerate.framework/Versions/A/Frameworks/vecLib.framework/Versions/A/libLAPACK.dylib
0x000000000213f000 	/System/Library/Frameworks/Accelerate.framework/Versions/A/Frameworks/vecLib.framework/Versions/A/libBLAS.dylib
0x000000000213f000 	/System/Library/Frameworks/Accelerate.framework/Versions/A/Frameworks/vecLib.framework/Versions/A/libLinearAlgebra.dylib
0x000000000213f000 	/System/Library/Frameworks/Accelerate.framework/Versions/A/Frameworks/vecLib.framework/Versions/A/libSparseBLAS.dylib
0x000000000213f000 	/System/Library/PrivateFrameworks/GPUCompiler.framework/libmetal_timestamp.dylib
0x000000000213f000 	/System/Library/Frameworks/OpenGL.framework/Versions/A/Libraries/libCoreFSCache.dylib
0x000000000213f000 	/System/Library/PrivateFrameworks/IOAccelerator.framework/Versions/A/IOAccelerator
0x000000000213f000 	/System/Library/Frameworks/ApplicationServices.framework/Versions/A/Frameworks/ATS.framework/Versions/A/Resources/libFontParser.dylib
0x000000000213f000 	/System/Library/Frameworks/ApplicationServices.framework/Versions/A/Frameworks/ATS.framework/Versions/A/Resources/libFontRegistry.dylib
0x000000000213f000 	/System/Library/PrivateFrameworks/AppleVPA.framework/Versions/A/AppleVPA
0x000000000213f000 	/System/Library/PrivateFrameworks/AppleJPEG.framework/Versions/A/AppleJPEG
0x000000000213f000 	/System/Library/Frameworks/ImageIO.framework/Versions/A/Resources/libJPEG.dylib
0x000000000213f000 	/System/Library/Frameworks/ImageIO.framework/Versions/A/Resources/libTIFF.dylib
0x000000000213f000 	/System/Library/Frameworks/ImageIO.framework/Versions/A/Resources/libPng.dylib
0x000000000213f000 	/System/Library/Frameworks/ImageIO.framework/Versions/A/Resources/libGIF.dylib
0x000000000213f000 	/System/Library/Frameworks/ImageIO.framework/Versions/A/Resources/libJP2.dylib
0x000000000213f000 	/System/Library/Frameworks/ImageIO.framework/Versions/A/Resources/libRadiance.dylib
0x000000000213f000 	/System/Library/Frameworks/CoreVideo.framework/Versions/A/CoreVideo
0x000000000213f000 	/System/Library/Frameworks/OpenGL.framework/Versions/A/Libraries/libGLU.dylib
0x000000000213f000 	/System/Library/Frameworks/OpenGL.framework/Versions/A/Libraries/libGFXShared.dylib
0x000000000213f000 	/System/Library/Frameworks/OpenGL.framework/Versions/A/Libraries/libGL.dylib
0x000000000213f000 	/System/Library/Frameworks/OpenGL.framework/Versions/A/Libraries/libGLImage.dylib
0x000000000213f000 	/System/Library/Frameworks/OpenGL.framework/Versions/A/Libraries/libCVMSPluginSupport.dylib
0x000000000213f000 	/System/Library/Frameworks/OpenGL.framework/Versions/A/Libraries/libCoreVMClient.dylib
0x000000000213f000 	/usr/lib/libcups.2.dylib
0x000000000213f000 	/System/Library/Frameworks/Kerberos.framework/Versions/A/Kerberos
0x000000000213f000 	/System/Library/Frameworks/GSS.framework/Versions/A/GSS
0x000000000213f000 	/usr/lib/libresolv.9.dylib
0x000000000213f000 	/usr/lib/libiconv.2.dylib
0x000000000213f000 	/System/Library/PrivateFrameworks/Heimdal.framework/Versions/A/Heimdal
0x000000000213f000 	/usr/lib/libheimdal-asn1.dylib
0x000000000213f000 	/System/Library/Frameworks/OpenDirectory.framework/Versions/A/OpenDirectory
0x000000000213f000 	/System/Library/PrivateFrameworks/CommonAuth.framework/Versions/A/CommonAuth
0x000000000213f000 	/System/Library/Frameworks/OpenDirectory.framework/Versions/A/Frameworks/CFOpenDirectory.framework/Versions/A/CFOpenDirectory
0x000000000213f000 	/System/Library/Frameworks/SecurityFoundation.framework/Versions/A/SecurityFoundation
0x000000000213f000 	/System/Library/PrivateFrameworks/LanguageModeling.framework/Versions/A/LanguageModeling
0x000000000213f000 	/usr/lib/libmarisa.dylib
0x000000000213f000 	/usr/lib/libChineseTokenizer.dylib
0x000000000213f000 	/usr/lib/libcmph.dylib
0x000000000213f000 	/usr/lib/libcompression.dylib
0x000000000213f000 	/System/Library/Frameworks/ServiceManagement.framework/Versions/A/ServiceManagement
0x000000000213f000 	/usr/lib/libxslt.1.dylib
0x000000000213f000 	/System/Library/Frameworks/Carbon.framework/Versions/A/Frameworks/Ink.framework/Versions/A/Ink
0x000000000213f000 	/usr/lib/libFosl_dynamic.dylib
0x000000000213f000 	/System/Library/PrivateFrameworks/FaceCore.framework/Versions/A/FaceCore
0x000000000213f000 	/System/Library/Frameworks/OpenCL.framework/Versions/A/OpenCL
0x000000000213f000 	/System/Library/PrivateFrameworks/CrashReporterSupport.framework/Versions/A/CrashReporterSupport
0x000000000213f000 	/System/Library/PrivateFrameworks/IconServices.framework/Versions/A/IconServices
0x000000000213f000 	/System/Library/PrivateFrameworks/Apple80211.framework/Versions/A/Apple80211
0x000000000213f000 	/System/Library/Frameworks/CoreWLAN.framework/Versions/A/CoreWLAN
0x000000000213f000 	/System/Library/Frameworks/IOBluetooth.framework/Versions/A/IOBluetooth
0x000000000213f000 	/System/Library/PrivateFrameworks/CoreWiFi.framework/Versions/A/CoreWiFi
0x000000000213f000 	/System/Library/Frameworks/CoreBluetooth.framework/Versions/A/CoreBluetooth
0x000000000213f000 	/System/Library/PrivateFrameworks/ChunkingLibrary.framework/Versions/A/ChunkingLibrary
0x000000000213f000 	/System/Library/PrivateFrameworks/DebugSymbols.framework/Versions/A/DebugSymbols
0x000000000213f000 	/System/Library/PrivateFrameworks/CoreSymbolication.framework/Versions/A/CoreSymbolication
0x000000000213f000 	/System/Library/PrivateFrameworks/Symbolication.framework/Versions/A/Symbolication
0x000000000213f000 	/System/Library/PrivateFrameworks/SpeechRecognitionCore.framework/Versions/A/SpeechRecognitionCore
0x000000010c577000 	/Library/Java/JavaVirtualMachines/jdk1.7.0_55.jdk/Contents/Home/jre/lib/server/libjvm.dylib
0x000000000213f000 	/usr/lib/libstdc++.6.dylib
0x000000010cfce000 	/Library/Java/JavaVirtualMachines/jdk1.7.0_55.jdk/Contents/Home/jre/lib/libverify.dylib
0x000000010e000000 	/Library/Java/JavaVirtualMachines/jdk1.7.0_55.jdk/Contents/Home/jre/lib/libjava.dylib
0x000000010cfe5000 	/Library/Java/JavaVirtualMachines/jdk1.7.0_55.jdk/Contents/Home/jre/lib/libzip.dylib
0x0000000117e08000 	/System/Library/Frameworks/JavaVM.framework/Frameworks/JavaRuntimeSupport.framework/JavaRuntimeSupport
0x0000000117e23000 	/System/Library/Frameworks/JavaVM.framework/Versions/A/Frameworks/JavaNativeFoundation.framework/Versions/A/JavaNativeFoundation
0x000000010cfef000 	/System/Library/Frameworks/JavaVM.framework/Versions/A/JavaVM
0x000000000213f000 	/System/Library/Frameworks/Carbon.framework/Versions/A/Carbon
0x0000000117e38000 	/System/Library/PrivateFrameworks/JavaLaunching.framework/Versions/A/JavaLaunching
0x000000000213f000 	/System/Library/Frameworks/Carbon.framework/Versions/A/Frameworks/CommonPanels.framework/Versions/A/CommonPanels
0x000000000213f000 	/System/Library/Frameworks/Carbon.framework/Versions/A/Frameworks/Help.framework/Versions/A/Help
0x000000000213f000 	/System/Library/Frameworks/Carbon.framework/Versions/A/Frameworks/ImageCapture.framework/Versions/A/ImageCapture
0x000000000213f000 	/System/Library/Frameworks/Carbon.framework/Versions/A/Frameworks/OpenScripting.framework/Versions/A/OpenScripting
0x000000000213f000 	/System/Library/Frameworks/Carbon.framework/Versions/A/Frameworks/Print.framework/Versions/A/Print
0x000000000213f000 	/System/Library/Frameworks/Carbon.framework/Versions/A/Frameworks/SecurityHI.framework/Versions/A/SecurityHI
0x00000001199d5000 	/Applications/IntelliJ IDEA 14 CE.app/Contents/bin/libbreakgen64.jnilib
0x00000001199d8000 	/Library/Java/JavaVirtualMachines/jdk1.7.0_55.jdk/Contents/Home/jre/lib/libnet.dylib

VM Arguments:
jvm_args: -Didea.launcher.port=7534 -Didea.launcher.bin.path=/Applications/IntelliJ IDEA 14 CE.app/Contents/bin -Dfile.encoding=UTF-8 
java_command: com.intellij.rt.execution.application.AppMain cc.openthings.sync.OntAnalyser
Launcher Type: SUN_STANDARD

Environment Variables:
JAVA_HOME=/Library/Java/JavaVirtualMachines/jdk1.8.0_31.jdk/Contents/Home
PATH=/Users/sic/.npm-packages/bin:/usr/bin:/bin:/usr/sbin:/sbin:/usr/local/bin:/Users/sic/dev/gradle-1.10/bin:/Users/sic/dev/adt-bundle-mac-x86_64/sdk/tools:/Users/sic/dev/adt-bundle-mac-x86_64/sdk/platform-tools:/Users/sic/tools/dex2jar-0.0.9.15:/Library/Tomcat/bin:/Users/sic/tools/play:/opt/X11/bin:/usr/local/git/bin
SHELL=/bin/bash
DISPLAY=/private/tmp/com.apple.launchd.Cmnx9tOpKW/org.macosforge.xquartz:0

Signal Handlers:
SIGSEGV: [libjvm.dylib+0x5253e5], sa_mask[0]=0xfffefeff, sa_flags=0x00000043
SIGBUS: [libjvm.dylib+0x5253e5], sa_mask[0]=0xfffefeff, sa_flags=0x00000042
SIGFPE: [libjvm.dylib+0x4188a2], sa_mask[0]=0xfffefeff, sa_flags=0x00000042
SIGPIPE: [libjvm.dylib+0x4188a2], sa_mask[0]=0xfffefeff, sa_flags=0x00000042
SIGXFSZ: [libjvm.dylib+0x4188a2], sa_mask[0]=0xfffefeff, sa_flags=0x00000042
SIGILL: [libjvm.dylib+0x4188a2], sa_mask[0]=0xfffefeff, sa_flags=0x00000042
SIGUSR1: SIG_DFL, sa_mask[0]=0x00000000, sa_flags=0x00000000
SIGUSR2: [libjvm.dylib+0x418394], sa_mask[0]=0x00000004, sa_flags=0x00000042
SIGHUP: [libjvm.dylib+0x416623], sa_mask[0]=0xfffefeff, sa_flags=0x00000042
SIGINT: [libjvm.dylib+0x416623], sa_mask[0]=0xfffefeff, sa_flags=0x00000042
SIGTERM: [libjvm.dylib+0x416623], sa_mask[0]=0xfffefeff, sa_flags=0x00000042
SIGQUIT: [libjvm.dylib+0x416623], sa_mask[0]=0xfffefeff, sa_flags=0x00000042


---------------  S Y S T E M  ---------------

OS:Bsduname:Darwin 15.0.0 Darwin Kernel Version 15.0.0: Wed Aug 26 16:57:32 PDT 2015; root:xnu-3247.1.106~1/RELEASE_X86_64 x86_64
rlimit: STACK 8192k, CORE 0k, NPROC 709, NOFILE 10240, AS infinity
load average:15.72 9.06 5.50

CPU:total 8 (4 cores per cpu, 2 threads per core) family 6 model 58 stepping 9, cmov, cx8, fxsr, mmx, sse, sse2, sse3, ssse3, sse4.1, sse4.2, popcnt, avx, aes, erms, ht, tsc, tscinvbit, tscinv

Memory: 4k page, physical 8388608k(2097152k free)

/proc/meminfo:


vm_info: Java HotSpot(TM) 64-Bit Server VM (24.55-b03) for bsd-amd64 JRE (1.7.0_55-b13), built on Mar 17 2014 19:40:08 by "java_re" with gcc 4.2.1 (Based on Apple Inc. build 5658) (LLVM build 2336.11.00)

time: Wed Oct 21 14:55:55 2015
elapsed time: 60 seconds

