#
# A fatal error has been detected by the Java Runtime Environment:
#
#  SIGSEGV (0xb) at pc=0x00000001028351f1, pid=81430, tid=11011
#
# JRE version: Java(TM) SE Runtime Environment (7.0_55-b13) (build 1.7.0_55-b13)
# Java VM: Java HotSpot(TM) 64-Bit Server VM (24.55-b03 mixed mode bsd-amd64 compressed oops)
# Problematic frame:
# V  [libjvm.dylib+0x2351f1]
#
# Failed to write core dump. Core dumps have been disabled. To enable core dumping, try "ulimit -c unlimited" before starting Java again
#
# If you would like to submit a bug report, please visit:
#   http://bugreport.sun.com/bugreport/crash.jsp
#

---------------  T H R E A D  ---------------

Current thread (0x00007fd70181e000):  GCTaskThread [stack: 0x0000000106bf5000,0x0000000106cf5000] [id=11011]

siginfo:si_signo=SIGSEGV: si_errno=0, si_code=1 (SEGV_MAPERR), si_addr=0x000000077a5fd3f8

Registers:
RAX=0x0000000102d705c0, RBX=0x00007fd7014245b0, RCX=0x0000000000b7b703, RDX=0x0000000005bdb801
RSP=0x0000000106cf4c50, RBP=0x0000000106cf4c50, RSI=0x00000007a8cdc6e8, RDI=0x000000077a5fd3e0
R8 =0x00000000000005bd, R9 =0x0000000000004bf7, R10=0x0010100000101084, R11=0x0000000000000001
R12=0x00000007a8cdc6d4, R13=0x00000007a8cdc6d8, R14=0x00000007a8cdc6e8, R15=0x000000077b5c3a58
RIP=0x00000001028351f1, EFLAGS=0x0000000000010202, ERR=0x0000000000000004
  TRAPNO=0x000000000000000e

Top of Stack: (sp=0x0000000106cf4c50)
0x0000000106cf4c50:   0000000106cf4c80 00000001027c4efa
0x0000000106cf4c60:   0000000106cf4cd0 00007fd7014245b0
0x0000000106cf4c70:   000000077b5c3a58 000000077b5c3a58
0x0000000106cf4c80:   0000000106cf4cd0 00000001028a0275
0x0000000106cf4c90:   00007fd7014245b0 00000007a8cdc6c8
0x0000000106cf4ca0:   000000077b5c3a68 00007fd7014245b0
0x0000000106cf4cb0:   00000007a8cdc6c8 0000000102d705c0
0x0000000106cf4cc0:   00007fd7014245b8 0000000102d705c0
0x0000000106cf4cd0:   0000000106cf4d50 0000000102a4a4ce
0x0000000106cf4ce0:   00007fd7014245f0 00007fd701424638
0x0000000106cf4cf0:   00007fd701424670 000000077b93c5b8
0x0000000106cf4d00:   0000000106cf4d50 00000001028a0275
0x0000000106cf4d10:   0000000106cf4d50 00000007ffbdfed8
0x0000000106cf4d20:   000000077b93c5c0 0000000000000003
0x0000000106cf4d30:   0000000106cf4d80 0000000102d705c0
0x0000000106cf4d40:   00007fd7014245b0 0000000106cf4d6c
0x0000000106cf4d50:   0000000106cf4db0 0000000102a3e241
0x0000000106cf4d60:   00007fd701420fb0 2a0aa1f5028695ab
0x0000000106cf4d70:   0000000000000000 0000000000000000
0x0000000106cf4d80:   00000007ffbdfed8 00007fd70181e000
0x0000000106cf4d90:   0000000000000000 0000000102b730f2
0x0000000106cf4da0:   00007fd701420fb0 0000000000000001
0x0000000106cf4db0:   0000000106cf4e90 0000000102869aa7
0x0000000106cf4dc0:   0000000106cf4df0 00007fd70141a9d0
0x0000000106cf4dd0:   00007fd70141aa00 00007fd70141aa10
0x0000000106cf4de0:   00007fd70141ade8 00000000000003d8
0x0000000106cf4df0:   00007fd70181e000 00007fd70141adf0
0x0000000106cf4e00:   00007fd70141ae20 00007fd70141ae30
0x0000000106cf4e10:   00007fd70141b208 00000000000003d8
0x0000000106cf4e20:   0000000106cf4e30 0000000000000000
0x0000000106cf4e30:   00007fd70181e000 00007fd70141adf0
0x0000000106cf4e40:   00007fd70141ae20 00007fd70141ae30 

Instructions: (pc=0x00000001028351f1)
0x00000001028351d1:   84 d2 48 89 fe 74 15 48 8d 05 e1 b3 53 00 8a 48
0x00000001028351e1:   08 8b 7e 08 48 d3 e7 48 03 38 eb 04 48 8b 7e 08
0x00000001028351f1:   8b 47 18 48 83 c7 10 85 c0 7e 09 a8 01 75 4e c1
0x0000000102835201:   f8 03 eb 47 85 c0 7f 43 85 c0 79 41 84 d2 0f 94 

Register to memory mapping:

RAX=0x0000000102d705c0: _ZN8Universe11_narrow_oopE+0 in /Library/Java/JavaVirtualMachines/jdk1.7.0_55.jdk/Contents/Home/jre/lib/server/libjvm.dylib at 0x0000000102600000
RBX=0x00007fd7014245b0 is an unknown value
RCX=0x0000000000b7b703 is an unknown value
RDX=0x0000000005bdb801 is an unknown value
RSP=0x0000000106cf4c50 is an unknown value
RBP=0x0000000106cf4c50 is an unknown value
RSI=
[error occurred during error reporting (printing register info), id 0xb]

Stack: [0x0000000106bf5000,0x0000000106cf5000],  sp=0x0000000106cf4c50,  free space=1023k
Native frames: (J=compiled Java code, j=interpreted, Vv=VM code, C=native code)
V  [libjvm.dylib+0x2351f1]
V  [libjvm.dylib+0x1c4efa]
V  [libjvm.dylib+0x2a0275]
V  [libjvm.dylib+0x44a4ce]
V  [libjvm.dylib+0x43e241]
V  [libjvm.dylib+0x269aa7]
V  [libjvm.dylib+0x41b14e]
C  [libsystem_pthread.dylib+0x1899]  _pthread_body+0x8a
C  [libsystem_pthread.dylib+0x172a]  _pthread_struct_init+0x0
C  [libsystem_pthread.dylib+0x5fc9]  thread_start+0xd


---------------  P R O C E S S  ---------------

Java Threads: ( => current thread )
  0x00007fd703006000 JavaThread "Service Thread" daemon [_thread_blocked, id=21251, stack(0x000000010de64000,0x000000010df64000)]
  0x00007fd70185f000 JavaThread "C2 CompilerThread1" daemon [_thread_blocked, id=20739, stack(0x000000010dd61000,0x000000010de61000)]
  0x00007fd702025800 JavaThread "C2 CompilerThread0" daemon [_thread_blocked, id=20227, stack(0x000000010dc5e000,0x000000010dd5e000)]
  0x00007fd702001000 JavaThread "Signal Dispatcher" daemon [_thread_blocked, id=19715, stack(0x000000010db5b000,0x000000010dc5b000)]
  0x00007fd703003000 JavaThread "Finalizer" daemon [_thread_blocked, id=14595, stack(0x000000010d924000,0x000000010da24000)]
  0x00007fd703000000 JavaThread "Reference Handler" daemon [_thread_blocked, id=14083, stack(0x000000010d821000,0x000000010d921000)]
  0x00007fd70180a000 JavaThread "main" [_thread_blocked, id=6403, stack(0x0000000103054000,0x0000000103154000)]

Other Threads:
  0x00007fd70185c800 VMThread [stack: 0x000000010d71e000,0x000000010d81e000] [id=13571]
  0x00007fd703007000 WatcherThread [stack: 0x000000010df67000,0x000000010e067000] [id=21763]

=>0x00007fd70181e000 (exited) GCTaskThread [stack: 0x0000000106bf5000,0x0000000106cf5000] [id=11011]

VM state:at safepoint (normal execution)

VM Mutex/Monitor currently owned by a thread:  ([mutex/lock_event])
[0x00007fd701502ec0] Threads_lock - owner thread: 0x00007fd70185c800
[0x00007fd7015033c0] Heap_lock - owner thread: 0x00007fd70180a000

Heap
 PSYoungGen      total 473600K, used 76273K [0x00000007d5500000, 0x0000000800000000, 0x0000000800000000)
  eden space 397312K, 0% used [0x00000007d5500000,0x00000007d5500000,0x00000007ed900000)
  from space 76288K, 99% used [0x00000007fb580000,0x00000007ffffc538,0x0000000800000000)
  to   space 151040K, 0% used [0x00000007ed900000,0x00000007ed900000,0x00000007f6c80000)
 ParOldGen       total 928768K, used 904725K [0x0000000780000000, 0x00000007b8b00000, 0x00000007d5500000)
  object space 928768K, 97% used [0x0000000780000000,0x00000007b73855c0,0x00000007b8b00000)
 PSPermGen       total 23040K, used 11597K [0x000000077ae00000, 0x000000077c480000, 0x0000000780000000)
  object space 23040K, 50% used [0x000000077ae00000,0x000000077b953650,0x000000077c480000)

Card table byte_map: [0x0000000106216000,0x0000000106640000] byte_map_base: 0x000000010263f000

Polling page: 0x00000001015a5000

Code Cache  [0x0000000103156000, 0x0000000103496000, 0x0000000106156000)
 total_blobs=1114 nmethods=853 adapters=214 free_code_cache=46369Kb largest_free_block=46943296

Compilation events (10 events):
Event: 1006.137 Thread 0x00007fd702025800 nmethod 927 0x00000001033aa550 code [0x00000001033aa6a0, 0x00000001033aa778]
Event: 1006.138 Thread 0x00007fd702025800  929             com.hp.hpl.jena.reasoner.rulesys.impl.LPInterpreter::derefPossFunctor (156 bytes)
Event: 1006.146 Thread 0x00007fd702025800 nmethod 929 0x0000000103344a50 code [0x0000000103344c20, 0x0000000103345038]
Event: 1006.153 Thread 0x00007fd70185f000 nmethod 928 0x00000001033afad0 code [0x00000001033afd20, 0x00000001033b07e8]
Event: 1006.160 Thread 0x00007fd702025800  930             com.hp.hpl.jena.rdf.model.AnonId::equals (30 bytes)
Event: 1006.161 Thread 0x00007fd702025800 nmethod 930 0x0000000103347a90 code [0x0000000103347be0, 0x0000000103347d78]
Event: 1006.516 Thread 0x00007fd70185f000  931             java.util.HashMap::resize (62 bytes)
Event: 1006.521 Thread 0x00007fd70185f000 nmethod 931 0x00000001034897d0 code [0x0000000103489960, 0x0000000103489da8]
Event: 1007.250 Thread 0x00007fd702025800  932             com.hp.hpl.jena.graph.impl.LiteralLabelImpl::getDatatypeURI (19 bytes)
Event: 1007.251 Thread 0x00007fd702025800 nmethod 932 0x00000001033aa8d0 code [0x00000001033aaa20, 0x00000001033aaad8]

GC Heap History (10 events):
Event: 1002.757 GC heap after
Heap after GC invocations=459 (full 5):
 PSYoungGen      total 631296K, used 33280K [0x00000007d5500000, 0x0000000800000000, 0x0000000800000000)
  eden space 598016K, 0% used [0x00000007d5500000,0x00000007d5500000,0x00000007f9d00000)
  from space 33280K, 100% used [0x00000007fdf80000,0x0000000800000000,0x0000000800000000)
  to   space 50688K, 0% used [0x00000007f9d00000,0x00000007f9d00000,0x00000007fce80000)
 ParOldGen       total 928768K, used 704695K [0x0000000780000000, 0x00000007b8b00000, 0x00000007d5500000)
  object space 928768K, 75% used [0x0000000780000000,0x00000007ab02dfc8,0x00000007b8b00000)
 PSPermGen       total 23040K, used 11596K [0x000000077ae00000, 0x000000077c480000, 0x0000000780000000)
  object space 23040K, 50% used [0x000000077ae00000,0x000000077b9532a0,0x000000077c480000)
}
Event: 1004.170 GC heap before
{Heap before GC invocations=460 (full 5):
 PSYoungGen      total 631296K, used 631296K [0x00000007d5500000, 0x0000000800000000, 0x0000000800000000)
  eden space 598016K, 100% used [0x00000007d5500000,0x00000007f9d00000,0x00000007f9d00000)
  from space 33280K, 100% used [0x00000007fdf80000,0x0000000800000000,0x0000000800000000)
  to   space 50688K, 0% used [0x00000007f9d00000,0x00000007f9d00000,0x00000007fce80000)
 ParOldGen       total 928768K, used 704695K [0x0000000780000000, 0x00000007b8b00000, 0x00000007d5500000)
  object space 928768K, 75% used [0x0000000780000000,0x00000007ab02dfc8,0x00000007b8b00000)
 PSPermGen       total 23040K, used 11597K [0x000000077ae00000, 0x000000077c480000, 0x0000000780000000)
  object space 23040K, 50% used [0x000000077ae00000,0x000000077b953558,0x000000077c480000)
Event: 1004.209 GC heap after
Heap after GC invocations=460 (full 5):
 PSYoungGen      total 648704K, used 50688K [0x00000007d5500000, 0x0000000800000000, 0x0000000800000000)
  eden space 598016K, 0% used [0x00000007d5500000,0x00000007d5500000,0x00000007f9d00000)
  from space 50688K, 100% used [0x00000007f9d00000,0x00000007fce80000,0x00000007fce80000)
  to   space 50688K, 0% used [0x00000007fce80000,0x00000007fce80000,0x0000000800000000)
 ParOldGen       total 928768K, used 705551K [0x0000000780000000, 0x00000007b8b00000, 0x00000007d5500000)
  object space 928768K, 75% used [0x0000000780000000,0x00000007ab103fc8,0x00000007b8b00000)
 PSPermGen       total 23040K, used 11597K [0x000000077ae00000, 0x000000077c480000, 0x0000000780000000)
  object space 23040K, 50% used [0x000000077ae00000,0x000000077b953558,0x000000077c480000)
}
Event: 1006.267 GC heap before
{Heap before GC invocations=461 (full 5):
 PSYoungGen      total 648704K, used 648704K [0x00000007d5500000, 0x0000000800000000, 0x0000000800000000)
  eden space 598016K, 100% used [0x00000007d5500000,0x00000007f9d00000,0x00000007f9d00000)
  from space 50688K, 100% used [0x00000007f9d00000,0x00000007fce80000,0x00000007fce80000)
  to   space 50688K, 0% used [0x00000007fce80000,0x00000007fce80000,0x0000000800000000)
 ParOldGen       total 928768K, used 705551K [0x0000000780000000, 0x00000007b8b00000, 0x00000007d5500000)
  object space 928768K, 75% used [0x0000000780000000,0x00000007ab103fc8,0x00000007b8b00000)
 PSPermGen       total 23040K, used 11597K [0x000000077ae00000, 0x000000077c480000, 0x0000000780000000)
  object space 23040K, 50% used [0x000000077ae00000,0x000000077b953558,0x000000077c480000)
Event: 1006.339 GC heap after
Heap after GC invocations=461 (full 5):
 PSYoungGen      total 597504K, used 50673K [0x00000007d5500000, 0x0000000800000000, 0x0000000800000000)
  eden space 546816K, 0% used [0x00000007d5500000,0x00000007d5500000,0x00000007f6b00000)
  from space 50688K, 99% used [0x00000007fce80000,0x00000007ffffc538,0x0000000800000000)
  to   space 76288K, 0% used [0x00000007f6b00000,0x00000007f6b00000,0x00000007fb580000)
 ParOldGen       total 928768K, used 743992K [0x0000000780000000, 0x00000007b8b00000, 0x00000007d5500000)
  object space 928768K, 80% used [0x0000000780000000,0x00000007ad68e350,0x00000007b8b00000)
 PSPermGen       total 23040K, used 11597K [0x000000077ae00000, 0x000000077c480000, 0x0000000780000000)
  object space 23040K, 50% used [0x000000077ae00000,0x000000077b953558,0x000000077c480000)
}
Event: 1009.081 GC heap before
{Heap before GC invocations=462 (full 5):
 PSYoungGen      total 597504K, used 597489K [0x00000007d5500000, 0x0000000800000000, 0x0000000800000000)
  eden space 546816K, 100% used [0x00000007d5500000,0x00000007f6b00000,0x00000007f6b00000)
  from space 50688K, 99% used [0x00000007fce80000,0x00000007ffffc538,0x0000000800000000)
  to   space 76288K, 0% used [0x00000007f6b00000,0x00000007f6b00000,0x00000007fb580000)
 ParOldGen       total 928768K, used 743992K [0x0000000780000000, 0x00000007b8b00000, 0x00000007d5500000)
  object space 928768K, 80% used [0x0000000780000000,0x00000007ad68e350,0x00000007b8b00000)
 PSPermGen       total 23040K, used 11597K [0x000000077ae00000, 0x000000077c480000, 0x0000000780000000)
  object space 23040K, 50% used [0x000000077ae00000,0x000000077b953650,0x000000077c480000)
Event: 1009.206 GC heap after
Heap after GC invocations=462 (full 5):
 PSYoungGen      total 623104K, used 76273K [0x00000007d5500000, 0x0000000800000000, 0x0000000800000000)
  eden space 546816K, 0% used [0x00000007d5500000,0x00000007d5500000,0x00000007f6b00000)
  from space 76288K, 99% used [0x00000007f6b00000,0x00000007fb57c538,0x00000007fb580000)
  to   space 76288K, 0% used [0x00000007fb580000,0x00000007fb580000,0x0000000800000000)
 ParOldGen       total 928768K, used 810084K [0x0000000780000000, 0x00000007b8b00000, 0x00000007d5500000)
  object space 928768K, 87% used [0x0000000780000000,0x00000007b1719308,0x00000007b8b00000)
 PSPermGen       total 23040K, used 11597K [0x000000077ae00000, 0x000000077c480000, 0x0000000780000000)
  object space 23040K, 50% used [0x000000077ae00000,0x000000077b953650,0x000000077c480000)
}
Event: 1012.340 GC heap before
{Heap before GC invocations=463 (full 5):
 PSYoungGen      total 623104K, used 623089K [0x00000007d5500000, 0x0000000800000000, 0x0000000800000000)
  eden space 546816K, 100% used [0x00000007d5500000,0x00000007f6b00000,0x00000007f6b00000)
  from space 76288K, 99% used [0x00000007f6b00000,0x00000007fb57c538,0x00000007fb580000)
  to   space 76288K, 0% used [0x00000007fb580000,0x00000007fb580000,0x0000000800000000)
 ParOldGen       total 928768K, used 810084K [0x0000000780000000, 0x00000007b8b00000, 0x00000007d5500000)
  object space 928768K, 87% used [0x0000000780000000,0x00000007b1719308,0x00000007b8b00000)
 PSPermGen       total 23040K, used 11597K [0x000000077ae00000, 0x000000077c480000, 0x0000000780000000)
  object space 23040K, 50% used [0x000000077ae00000,0x000000077b953650,0x000000077c480000)
Event: 1012.509 GC heap after
Heap after GC invocations=463 (full 5):
 PSYoungGen      total 473600K, used 76273K [0x00000007d5500000, 0x0000000800000000, 0x0000000800000000)
  eden space 397312K, 0% used [0x00000007d5500000,0x00000007d5500000,0x00000007ed900000)
  from space 76288K, 99% used [0x00000007fb580000,0x00000007ffffc538,0x0000000800000000)
  to   space 151040K, 0% used [0x00000007ed900000,0x00000007ed900000,0x00000007f6c80000)
 ParOldGen       total 928768K, used 904725K [0x0000000780000000, 0x00000007b8b00000, 0x00000007d5500000)
  object space 928768K, 97% used [0x0000000780000000,0x00000007b73855c0,0x00000007b8b00000)
 PSPermGen       total 23040K, used 11597K [0x000000077ae00000, 0x000000077c480000, 0x0000000780000000)
  object space 23040K, 50% used [0x000000077ae00000,0x000000077b953650,0x000000077c480000)
}
Event: 1012.509 GC heap before
{Heap before GC invocations=464 (full 6):
 PSYoungGen      total 473600K, used 76273K [0x00000007d5500000, 0x0000000800000000, 0x0000000800000000)
  eden space 397312K, 0% used [0x00000007d5500000,0x00000007d5500000,0x00000007ed900000)
  from space 76288K, 99% used [0x00000007fb580000,0x00000007ffffc538,0x0000000800000000)
  to   space 151040K, 0% used [0x00000007ed900000,0x00000007ed900000,0x00000007f6c80000)
 ParOldGen       total 928768K, used 904725K [0x0000000780000000, 0x00000007b8b00000, 0x00000007d5500000)
  object space 928768K, 97% used [0x0000000780000000,0x00000007b73855c0,0x00000007b8b00000)
 PSPermGen       total 23040K, used 11597K [0x000000077ae00000, 0x000000077c480000, 0x0000000780000000)
  object space 23040K, 50% used [0x000000077ae00000,0x000000077b953650,0x000000077c480000)

Deoptimization events (10 events):
Event: 7.364 Thread 0x00007fd70180a000 Uncommon trap: reason=class_check action=maybe_recompile pc=0x00000001032a5aa8 method=com.hp.hpl.jena.reasoner.rulesys.impl.LPInterpreter.derefPossFunctor(Lcom/hp/hpl/jena/graph/Node;)Lcom/hp/hpl/jena/graph/Node; @ 1
Event: 7.364 Thread 0x00007fd70180a000 Uncommon trap: reason=class_check action=maybe_recompile pc=0x0000000103279154 method=com.hp.hpl.jena.reasoner.rulesys.impl.LPInterpreter.derefPossFunctor(Lcom/hp/hpl/jena/graph/Node;)Lcom/hp/hpl/jena/graph/Node; @ 1
Event: 992.000 Thread 0x00007fd70180a000 Uncommon trap: reason=bimorphic action=maybe_recompile pc=0x00000001033cd57c method=com.hp.hpl.jena.reasoner.TriplePattern.isGround()Z @ 4
Event: 992.000 Thread 0x00007fd70180a000 Uncommon trap: reason=bimorphic action=maybe_recompile pc=0x00000001033cd57c method=com.hp.hpl.jena.reasoner.TriplePattern.isGround()Z @ 4
Event: 992.000 Thread 0x00007fd70180a000 Uncommon trap: reason=bimorphic action=maybe_recompile pc=0x00000001033cd57c method=com.hp.hpl.jena.reasoner.TriplePattern.isGround()Z @ 4
Event: 992.000 Thread 0x00007fd70180a000 Uncommon trap: reason=bimorphic action=maybe_recompile pc=0x00000001033cd57c method=com.hp.hpl.jena.reasoner.TriplePattern.isGround()Z @ 4
Event: 992.002 Thread 0x00007fd70180a000 Uncommon trap: reason=class_check action=maybe_recompile pc=0x00000001031defd4 method=com.hp.hpl.jena.reasoner.rulesys.impl.LPInterpreter.unify(Lcom/hp/hpl/jena/graph/Node;Lcom/hp/hpl/jena/graph/Node;)Z @ 73
Event: 992.002 Thread 0x00007fd70180a000 Uncommon trap: reason=class_check action=maybe_recompile pc=0x00000001031defd4 method=com.hp.hpl.jena.reasoner.rulesys.impl.LPInterpreter.unify(Lcom/hp/hpl/jena/graph/Node;Lcom/hp/hpl/jena/graph/Node;)Z @ 73
Event: 1006.128 Thread 0x00007fd70180a000 Uncommon trap: reason=unreached action=reinterpret pc=0x00000001033c909c method=com.hp.hpl.jena.reasoner.rulesys.Node_RuleVariable.deref()Lcom/hp/hpl/jena/graph/Node; @ 14
Event: 1006.129 Thread 0x00007fd70180a000 Uncommon trap: reason=unreached action=reinterpret pc=0x000000010339c928 method=com.hp.hpl.jena.reasoner.rulesys.Node_RuleVariable.deref()Lcom/hp/hpl/jena/graph/Node; @ 14

Internal exceptions (10 events):
Event: 4.026 Thread 0x00007fd70180a000 Threw 0x00000007dc077ba8 at /HUDSON/workspace/7u-2-build-macosx-x86_64/jdk7u55/869/hotspot/src/share/vm/prims/jvm.cpp:1244
Event: 4.027 Thread 0x00007fd70180a000 Threw 0x00000007dc084278 at /HUDSON/workspace/7u-2-build-macosx-x86_64/jdk7u55/869/hotspot/src/share/vm/prims/jvm.cpp:1244
Event: 4.027 Thread 0x00007fd70180a000 Threw 0x00000007dc08aa70 at /HUDSON/workspace/7u-2-build-macosx-x86_64/jdk7u55/869/hotspot/src/share/vm/prims/jvm.cpp:1244
Event: 4.028 Thread 0x00007fd70180a000 Threw 0x00000007dc093bc8 at /HUDSON/workspace/7u-2-build-macosx-x86_64/jdk7u55/869/hotspot/src/share/vm/prims/jvm.cpp:1244
Event: 4.028 Thread 0x00007fd70180a000 Threw 0x00000007dc09a228 at /HUDSON/workspace/7u-2-build-macosx-x86_64/jdk7u55/869/hotspot/src/share/vm/prims/jvm.cpp:1244
Event: 4.131 Thread 0x00007fd70180a000 Threw 0x00000007dc5685c0 at /HUDSON/workspace/7u-2-build-macosx-x86_64/jdk7u55/869/hotspot/src/share/vm/prims/jvm.cpp:1244
Event: 4.254 Thread 0x00007fd70180a000 Threw 0x00000007dcc330a8 at /HUDSON/workspace/7u-2-build-macosx-x86_64/jdk7u55/869/hotspot/src/share/vm/prims/jvm.cpp:1244
Event: 4.526 Thread 0x00007fd70180a000 Implicit null exception at 0x00000001032b960e to 0x00000001032ba289
Event: 5.078 Thread 0x00007fd70180a000 Implicit null exception at 0x0000000103347aa0 to 0x0000000103347aee
Event: 5.183 Thread 0x00007fd70180a000 Implicit null exception at 0x0000000103344a54 to 0x0000000103344a78

Events (10 events):
Event: 1006.129 Thread 0x00007fd70180a000 DEOPT UNPACKING pc=0x000000010318f045 sp=0x00000001031533c8 mode 2
Event: 1006.137 Thread 0x00007fd702025800 flushing nmethod 0x00000001033ce790
Event: 1006.137 Thread 0x00007fd702025800 flushing nmethod 0x00000001033e5850
Event: 1006.137 Thread 0x00007fd702025800 flushing nmethod 0x0000000103400f10
Event: 1006.137 Thread 0x00007fd702025800 flushing nmethod 0x000000010341c390
Event: 1006.267 Executing VM operation: ParallelGCFailedAllocation
Event: 1006.339 Executing VM operation: ParallelGCFailedAllocation done
Event: 1009.081 Executing VM operation: ParallelGCFailedAllocation
Event: 1009.206 Executing VM operation: ParallelGCFailedAllocation done
Event: 1012.340 Executing VM operation: ParallelGCFailedAllocation


Dynamic libraries:
0x0000000008f61000 	/System/Library/Frameworks/Cocoa.framework/Versions/A/Cocoa
0x0000000008f61000 	/System/Library/Frameworks/Security.framework/Versions/A/Security
0x0000000008f61000 	/System/Library/Frameworks/ApplicationServices.framework/Versions/A/ApplicationServices
0x0000000008f61000 	/usr/lib/libz.1.dylib
0x0000000008f61000 	/usr/lib/libSystem.B.dylib
0x0000000008f61000 	/usr/lib/libobjc.A.dylib
0x0000000008f61000 	/System/Library/Frameworks/CoreFoundation.framework/Versions/A/CoreFoundation
0x0000000008f61000 	/System/Library/Frameworks/Foundation.framework/Versions/C/Foundation
0x0000000008f61000 	/System/Library/Frameworks/AppKit.framework/Versions/C/AppKit
0x0000000008f61000 	/System/Library/Frameworks/CoreData.framework/Versions/A/CoreData
0x0000000008f61000 	/System/Library/PrivateFrameworks/RemoteViewServices.framework/Versions/A/RemoteViewServices
0x0000000008f61000 	/System/Library/Frameworks/AudioToolbox.framework/Versions/A/AudioToolbox
0x0000000008f61000 	/System/Library/Frameworks/AudioUnit.framework/Versions/A/AudioUnit
0x0000000008f61000 	/System/Library/PrivateFrameworks/DataDetectorsCore.framework/Versions/A/DataDetectorsCore
0x0000000008f61000 	/System/Library/PrivateFrameworks/DesktopServicesPriv.framework/Versions/A/DesktopServicesPriv
0x0000000008f61000 	/System/Library/Frameworks/Carbon.framework/Versions/A/Frameworks/HIToolbox.framework/Versions/A/HIToolbox
0x0000000008f61000 	/System/Library/Frameworks/QuartzCore.framework/Versions/A/QuartzCore
0x0000000008f61000 	/System/Library/Frameworks/Carbon.framework/Versions/A/Frameworks/SpeechRecognition.framework/Versions/A/SpeechRecognition
0x0000000008f61000 	/usr/lib/libauto.dylib
0x0000000008f61000 	/usr/lib/libicucore.A.dylib
0x0000000008f61000 	/usr/lib/libxml2.2.dylib
0x0000000008f61000 	/System/Library/PrivateFrameworks/CoreUI.framework/Versions/A/CoreUI
0x0000000008f61000 	/System/Library/Frameworks/CoreAudio.framework/Versions/A/CoreAudio
0x0000000008f61000 	/System/Library/Frameworks/DiskArbitration.framework/Versions/A/DiskArbitration
0x0000000008f61000 	/usr/lib/liblangid.dylib
0x0000000008f61000 	/System/Library/PrivateFrameworks/MultitouchSupport.framework/Versions/A/MultitouchSupport
0x0000000008f61000 	/System/Library/Frameworks/IOKit.framework/Versions/A/IOKit
0x0000000008f61000 	/usr/lib/libDiagnosticMessagesClient.dylib
0x0000000008f61000 	/System/Library/Frameworks/CoreServices.framework/Versions/A/CoreServices
0x0000000008f61000 	/System/Library/PrivateFrameworks/PerformanceAnalysis.framework/Versions/A/PerformanceAnalysis
0x0000000008f61000 	/System/Library/PrivateFrameworks/GenerationalStorage.framework/Versions/A/GenerationalStorage
0x0000000008f61000 	/System/Library/Frameworks/OpenGL.framework/Versions/A/OpenGL
0x0000000008f61000 	/System/Library/PrivateFrameworks/Sharing.framework/Versions/A/Sharing
0x0000000008f61000 	/System/Library/Frameworks/ImageIO.framework/Versions/A/ImageIO
0x0000000008f61000 	/System/Library/Frameworks/CoreText.framework/Versions/A/CoreText
0x0000000008f61000 	/System/Library/Frameworks/CoreGraphics.framework/Versions/A/CoreGraphics
0x0000000008f61000 	/System/Library/PrivateFrameworks/Backup.framework/Versions/A/Backup
0x0000000008f61000 	/System/Library/Frameworks/CFNetwork.framework/Versions/A/CFNetwork
0x0000000008f61000 	/System/Library/Frameworks/SystemConfiguration.framework/Versions/A/SystemConfiguration
0x0000000008f61000 	/usr/lib/libCRFSuite.dylib
0x0000000008f61000 	/usr/lib/libc++.1.dylib
0x0000000008f61000 	/usr/lib/libc++abi.dylib
0x0000000008f61000 	/usr/lib/system/libcache.dylib
0x0000000008f61000 	/usr/lib/system/libcommonCrypto.dylib
0x0000000008f61000 	/usr/lib/system/libcompiler_rt.dylib
0x0000000008f61000 	/usr/lib/system/libcopyfile.dylib
0x0000000008f61000 	/usr/lib/system/libcorecrypto.dylib
0x0000000008f61000 	/usr/lib/system/libdispatch.dylib
0x0000000008f61000 	/usr/lib/system/libdyld.dylib
0x0000000008f61000 	/usr/lib/system/libkeymgr.dylib
0x0000000008f61000 	/usr/lib/system/liblaunch.dylib
0x0000000008f61000 	/usr/lib/system/libmacho.dylib
0x0000000008f61000 	/usr/lib/system/libquarantine.dylib
0x0000000008f61000 	/usr/lib/system/libremovefile.dylib
0x0000000008f61000 	/usr/lib/system/libsystem_asl.dylib
0x0000000008f61000 	/usr/lib/system/libsystem_blocks.dylib
0x0000000008f61000 	/usr/lib/system/libsystem_c.dylib
0x0000000008f61000 	/usr/lib/system/libsystem_configuration.dylib
0x0000000008f61000 	/usr/lib/system/libsystem_dnssd.dylib
0x0000000008f61000 	/usr/lib/system/libsystem_info.dylib
0x0000000008f61000 	/usr/lib/system/libsystem_kernel.dylib
0x0000000008f61000 	/usr/lib/system/libsystem_m.dylib
0x0000000008f61000 	/usr/lib/system/libsystem_malloc.dylib
0x0000000008f61000 	/usr/lib/system/libsystem_network.dylib
0x0000000008f61000 	/usr/lib/system/libsystem_notify.dylib
0x0000000008f61000 	/usr/lib/system/libsystem_platform.dylib
0x0000000008f61000 	/usr/lib/system/libsystem_pthread.dylib
0x0000000008f61000 	/usr/lib/system/libsystem_sandbox.dylib
0x0000000008f61000 	/usr/lib/system/libsystem_stats.dylib
0x0000000008f61000 	/usr/lib/system/libunc.dylib
0x0000000008f61000 	/usr/lib/system/libunwind.dylib
0x0000000008f61000 	/usr/lib/system/libxpc.dylib
0x0000000008f61000 	/usr/lib/libbsm.0.dylib
0x0000000008f61000 	/usr/lib/libsqlite3.dylib
0x0000000008f61000 	/usr/lib/libxar.1.dylib
0x0000000008f61000 	/usr/lib/libpam.2.dylib
0x0000000008f61000 	/usr/lib/libOpenScriptingUtil.dylib
0x0000000008f61000 	/usr/lib/libbz2.1.0.dylib
0x0000000008f61000 	/System/Library/Frameworks/CoreServices.framework/Versions/A/Frameworks/CarbonCore.framework/Versions/A/CarbonCore
0x0000000008f61000 	/System/Library/Frameworks/CoreServices.framework/Versions/A/Frameworks/Metadata.framework/Versions/A/Metadata
0x0000000008f61000 	/System/Library/Frameworks/CoreServices.framework/Versions/A/Frameworks/OSServices.framework/Versions/A/OSServices
0x0000000008f61000 	/System/Library/Frameworks/CoreServices.framework/Versions/A/Frameworks/SearchKit.framework/Versions/A/SearchKit
0x0000000008f61000 	/System/Library/Frameworks/CoreServices.framework/Versions/A/Frameworks/AE.framework/Versions/A/AE
0x0000000008f61000 	/System/Library/Frameworks/CoreServices.framework/Versions/A/Frameworks/LaunchServices.framework/Versions/A/LaunchServices
0x0000000008f61000 	/System/Library/Frameworks/CoreServices.framework/Versions/A/Frameworks/DictionaryServices.framework/Versions/A/DictionaryServices
0x0000000008f61000 	/System/Library/Frameworks/NetFS.framework/Versions/A/NetFS
0x0000000008f61000 	/usr/lib/system/libkxld.dylib
0x0000000008f61000 	/System/Library/PrivateFrameworks/NetAuth.framework/Versions/A/NetAuth
0x0000000008f61000 	/System/Library/PrivateFrameworks/TCC.framework/Versions/A/TCC
0x0000000008f61000 	/System/Library/Frameworks/OpenDirectory.framework/Versions/A/Frameworks/CFOpenDirectory.framework/Versions/A/CFOpenDirectory
0x0000000008f61000 	/System/Library/Frameworks/ServiceManagement.framework/Versions/A/ServiceManagement
0x0000000008f61000 	/usr/lib/libxslt.1.dylib
0x0000000008f61000 	/System/Library/Frameworks/Carbon.framework/Versions/A/Frameworks/Ink.framework/Versions/A/Ink
0x0000000008f61000 	/System/Library/Frameworks/ApplicationServices.framework/Versions/A/Frameworks/ATS.framework/Versions/A/ATS
0x0000000008f61000 	/System/Library/Frameworks/ApplicationServices.framework/Versions/A/Frameworks/ColorSync.framework/Versions/A/ColorSync
0x0000000008f61000 	/System/Library/Frameworks/ApplicationServices.framework/Versions/A/Frameworks/HIServices.framework/Versions/A/HIServices
0x0000000008f61000 	/System/Library/Frameworks/ApplicationServices.framework/Versions/A/Frameworks/LangAnalysis.framework/Versions/A/LangAnalysis
0x0000000008f61000 	/System/Library/Frameworks/ApplicationServices.framework/Versions/A/Frameworks/PrintCore.framework/Versions/A/PrintCore
0x0000000008f61000 	/System/Library/Frameworks/ApplicationServices.framework/Versions/A/Frameworks/QD.framework/Versions/A/QD
0x0000000008f61000 	/System/Library/Frameworks/ApplicationServices.framework/Versions/A/Frameworks/SpeechSynthesis.framework/Versions/A/SpeechSynthesis
0x0000000008f61000 	/System/Library/Frameworks/IOSurface.framework/Versions/A/IOSurface
0x0000000008f61000 	/System/Library/Frameworks/Accelerate.framework/Versions/A/Accelerate
0x0000000008f61000 	/System/Library/Frameworks/Accelerate.framework/Versions/A/Frameworks/vImage.framework/Versions/A/vImage
0x0000000008f61000 	/System/Library/Frameworks/Accelerate.framework/Versions/A/Frameworks/vecLib.framework/Versions/A/vecLib
0x0000000008f61000 	/System/Library/Frameworks/Accelerate.framework/Versions/A/Frameworks/vecLib.framework/Versions/A/libvDSP.dylib
0x0000000008f61000 	/System/Library/Frameworks/Accelerate.framework/Versions/A/Frameworks/vecLib.framework/Versions/A/libvMisc.dylib
0x0000000008f61000 	/System/Library/Frameworks/Accelerate.framework/Versions/A/Frameworks/vecLib.framework/Versions/A/libLAPACK.dylib
0x0000000008f61000 	/System/Library/Frameworks/Accelerate.framework/Versions/A/Frameworks/vecLib.framework/Versions/A/libBLAS.dylib
0x0000000008f61000 	/System/Library/Frameworks/ApplicationServices.framework/Versions/A/Frameworks/ATS.framework/Versions/A/Resources/libFontParser.dylib
0x0000000008f61000 	/System/Library/Frameworks/ApplicationServices.framework/Versions/A/Frameworks/ATS.framework/Versions/A/Resources/libFontRegistry.dylib
0x0000000008f61000 	/System/Library/Frameworks/ImageIO.framework/Versions/A/Resources/libJPEG.dylib
0x0000000008f61000 	/System/Library/Frameworks/ImageIO.framework/Versions/A/Resources/libTIFF.dylib
0x0000000008f61000 	/System/Library/Frameworks/ImageIO.framework/Versions/A/Resources/libPng.dylib
0x0000000008f61000 	/System/Library/Frameworks/ImageIO.framework/Versions/A/Resources/libGIF.dylib
0x0000000008f61000 	/System/Library/Frameworks/ImageIO.framework/Versions/A/Resources/libJP2.dylib
0x0000000008f61000 	/System/Library/Frameworks/ImageIO.framework/Versions/A/Resources/libRadiance.dylib
0x0000000008f61000 	/usr/lib/libcups.2.dylib
0x0000000008f61000 	/System/Library/Frameworks/Kerberos.framework/Versions/A/Kerberos
0x0000000008f61000 	/System/Library/Frameworks/GSS.framework/Versions/A/GSS
0x0000000008f61000 	/usr/lib/libresolv.9.dylib
0x0000000008f61000 	/usr/lib/libiconv.2.dylib
0x0000000008f61000 	/System/Library/PrivateFrameworks/Heimdal.framework/Versions/A/Heimdal
0x0000000008f61000 	/System/Library/PrivateFrameworks/TrustEvaluationAgent.framework/Versions/A/TrustEvaluationAgent
0x0000000008f61000 	/usr/lib/libheimdal-asn1.dylib
0x0000000008f61000 	/System/Library/Frameworks/OpenDirectory.framework/Versions/A/OpenDirectory
0x0000000008f61000 	/System/Library/PrivateFrameworks/CommonAuth.framework/Versions/A/CommonAuth
0x0000000008f61000 	/System/Library/Frameworks/SecurityFoundation.framework/Versions/A/SecurityFoundation
0x0000000008f61000 	/System/Library/PrivateFrameworks/Bom.framework/Versions/A/Bom
0x0000000008f61000 	/System/Library/Frameworks/CoreVideo.framework/Versions/A/CoreVideo
0x0000000008f61000 	/System/Library/Frameworks/QuartzCore.framework/Versions/A/Frameworks/CoreImage.framework/Versions/A/CoreImage
0x0000000008f61000 	/System/Library/Frameworks/QuartzCore.framework/Versions/A/Frameworks/ScalableUserInterface.framework/Versions/A/ScalableUserInterface
0x0000000008f61000 	/System/Library/Frameworks/OpenGL.framework/Versions/A/Libraries/libGLU.dylib
0x0000000008f61000 	/System/Library/Frameworks/OpenGL.framework/Versions/A/Libraries/libGFXShared.dylib
0x0000000008f61000 	/System/Library/Frameworks/OpenGL.framework/Versions/A/Libraries/libGL.dylib
0x0000000008f61000 	/System/Library/Frameworks/OpenGL.framework/Versions/A/Libraries/libGLImage.dylib
0x0000000008f61000 	/System/Library/Frameworks/OpenGL.framework/Versions/A/Libraries/libCVMSPluginSupport.dylib
0x0000000008f61000 	/System/Library/Frameworks/OpenGL.framework/Versions/A/Libraries/libCoreVMClient.dylib
0x0000000008f61000 	/System/Library/PrivateFrameworks/FaceCore.framework/Versions/A/FaceCore
0x0000000008f61000 	/System/Library/PrivateFrameworks/CrashReporterSupport.framework/Versions/A/CrashReporterSupport
0x0000000008f61000 	/System/Library/Frameworks/OpenCL.framework/Versions/A/OpenCL
0x0000000008f61000 	/System/Library/PrivateFrameworks/AppleFSCompression.framework/Versions/A/AppleFSCompression
0x0000000008f61000 	/System/Library/PrivateFrameworks/Ubiquity.framework/Versions/A/Ubiquity
0x0000000008f61000 	/System/Library/PrivateFrameworks/IconServices.framework/Versions/A/IconServices
0x0000000008f61000 	/System/Library/PrivateFrameworks/ChunkingLibrary.framework/Versions/A/ChunkingLibrary
0x0000000008f61000 	/System/Library/PrivateFrameworks/CoreSymbolication.framework/Versions/A/CoreSymbolication
0x0000000008f61000 	/System/Library/PrivateFrameworks/Symbolication.framework/Versions/A/Symbolication
0x0000000008f61000 	/System/Library/PrivateFrameworks/DebugSymbols.framework/Versions/A/DebugSymbols
0x0000000102600000 	/Library/Java/JavaVirtualMachines/jdk1.7.0_55.jdk/Contents/Home/jre/lib/server/libjvm.dylib
0x0000000008f61000 	/usr/lib/libstdc++.6.dylib
0x0000000101568000 	/Library/Java/JavaVirtualMachines/jdk1.7.0_55.jdk/Contents/Home/jre/lib/libverify.dylib
0x0000000101575000 	/Library/Java/JavaVirtualMachines/jdk1.7.0_55.jdk/Contents/Home/jre/lib/libjava.dylib
0x00000001015af000 	/Library/Java/JavaVirtualMachines/jdk1.7.0_55.jdk/Contents/Home/jre/lib/libzip.dylib
0x00000001015e2000 	/System/Library/Frameworks/JavaVM.framework/Frameworks/JavaRuntimeSupport.framework/JavaRuntimeSupport
0x000000010da26000 	/System/Library/Frameworks/JavaVM.framework/Versions/A/Frameworks/JavaNativeFoundation.framework/Versions/A/JavaNativeFoundation
0x000000010da3b000 	/System/Library/Frameworks/JavaVM.framework/Versions/A/JavaVM
0x0000000008f61000 	/System/Library/Frameworks/Carbon.framework/Versions/A/Carbon
0x000000010da48000 	/System/Library/PrivateFrameworks/JavaLaunching.framework/Versions/A/JavaLaunching
0x0000000008f61000 	/System/Library/Frameworks/Carbon.framework/Versions/A/Frameworks/CommonPanels.framework/Versions/A/CommonPanels
0x0000000008f61000 	/System/Library/Frameworks/Carbon.framework/Versions/A/Frameworks/Help.framework/Versions/A/Help
0x0000000008f61000 	/System/Library/Frameworks/Carbon.framework/Versions/A/Frameworks/ImageCapture.framework/Versions/A/ImageCapture
0x0000000008f61000 	/System/Library/Frameworks/Carbon.framework/Versions/A/Frameworks/OpenScripting.framework/Versions/A/OpenScripting
0x0000000008f61000 	/System/Library/Frameworks/Carbon.framework/Versions/A/Frameworks/Print.framework/Versions/A/Print
0x0000000008f61000 	/System/Library/Frameworks/Carbon.framework/Versions/A/Frameworks/SecurityHI.framework/Versions/A/SecurityHI

VM Arguments:
jvm_args: -Dfile.encoding=UTF-8 -Duser.country=US -Duser.language=en -Duser.variant 
java_command: cc.openthings.sync.OntAnalyser
Launcher Type: SUN_STANDARD

Environment Variables:
PATH=/usr/bin:/bin:/usr/sbin:/sbin
SHELL=/bin/bash

Signal Handlers:
SIGSEGV: [libjvm.dylib+0x5253e5], sa_mask[0]=0xfffefeff, sa_flags=0x00000043
SIGBUS: [libjvm.dylib+0x5253e5], sa_mask[0]=0xfffefeff, sa_flags=0x00000042
SIGFPE: [libjvm.dylib+0x4188a2], sa_mask[0]=0xfffefeff, sa_flags=0x00000042
SIGPIPE: [libjvm.dylib+0x4188a2], sa_mask[0]=0xfffefeff, sa_flags=0x00000042
SIGXFSZ: [libjvm.dylib+0x4188a2], sa_mask[0]=0xfffefeff, sa_flags=0x00000042
SIGILL: [libjvm.dylib+0x4188a2], sa_mask[0]=0xfffefeff, sa_flags=0x00000042
SIGUSR1: SIG_DFL, sa_mask[0]=0x00000000, sa_flags=0x00000002
SIGUSR2: [libjvm.dylib+0x418394], sa_mask[0]=0x00000004, sa_flags=0x00000042
SIGHUP: [libjvm.dylib+0x416623], sa_mask[0]=0xfffefeff, sa_flags=0x00000042
SIGINT: [libjvm.dylib+0x416623], sa_mask[0]=0xfffefeff, sa_flags=0x00000042
SIGTERM: [libjvm.dylib+0x416623], sa_mask[0]=0xfffefeff, sa_flags=0x00000042
SIGQUIT: [libjvm.dylib+0x416623], sa_mask[0]=0xfffefeff, sa_flags=0x00000042


---------------  S Y S T E M  ---------------

OS:Bsduname:Darwin 13.4.0 Darwin Kernel Version 13.4.0: Sun Aug 17 19:50:11 PDT 2014; root:xnu-2422.115.4~1/RELEASE_X86_64 x86_64
rlimit: STACK 8192k, CORE 0k, NPROC 709, NOFILE 10240, AS infinity
load average:4.08 3.51 3.01

CPU:total 8 (4 cores per cpu, 2 threads per core) family 6 model 58 stepping 9, cmov, cx8, fxsr, mmx, sse, sse2, sse3, ssse3, sse4.1, sse4.2, popcnt, avx, aes, erms, ht, tsc, tscinvbit, tscinv

Memory: 4k page, physical 8388608k(2097152k free)

/proc/meminfo:


vm_info: Java HotSpot(TM) 64-Bit Server VM (24.55-b03) for bsd-amd64 JRE (1.7.0_55-b13), built on Mar 17 2014 19:40:08 by "java_re" with gcc 4.2.1 (Based on Apple Inc. build 5658) (LLVM build 2336.11.00)

time: Thu Jan  8 23:08:07 2015
elapsed time: 1012 seconds

